{"D:\\Abhit\\Coding\\WebDev\\Student-Alumni-Mentorship-Portal\\server\\app.js": {"path":"D:\\Abhit\\Coding\\WebDev\\Student-Alumni-Mentorship-Portal\\server\\app.js","statementMap":{"0":{"start":{"line":9,"column":12},"end":{"line":9,"column":21}},"1":{"start":{"line":11,"column":0},"end":{"line":13,"column":3}},"2":{"start":{"line":16,"column":0},"end":{"line":16,"column":24}},"3":{"start":{"line":17,"column":0},"end":{"line":17,"column":24}},"4":{"start":{"line":18,"column":0},"end":{"line":24,"column":2}},"5":{"start":{"line":25,"column":0},"end":{"line":25,"column":37}},"6":{"start":{"line":27,"column":0},"end":{"line":27,"column":25}},"7":{"start":{"line":28,"column":0},"end":{"line":28,"column":55}},"8":{"start":{"line":30,"column":0},"end":{"line":32,"column":3}},"9":{"start":{"line":31,"column":2},"end":{"line":31,"column":27}},"10":{"start":{"line":34,"column":0},"end":{"line":36,"column":3}},"11":{"start":{"line":35,"column":2},"end":{"line":35,"column":65}}},"fnMap":{"0":{"name":"(anonymous_0)","decl":{"start":{"line":30,"column":13},"end":{"line":30,"column":14}},"loc":{"start":{"line":30,"column":27},"end":{"line":32,"column":1}},"line":30},"1":{"name":"(anonymous_1)","decl":{"start":{"line":34,"column":21},"end":{"line":34,"column":22}},"loc":{"start":{"line":34,"column":35},"end":{"line":36,"column":1}},"line":34}},"branchMap":{},"s":{"0":1,"1":1,"2":1,"3":1,"4":1,"5":1,"6":1,"7":1,"8":1,"9":0,"10":1,"11":1},"f":{"0":0,"1":1},"b":{},"_coverageSchema":"1a1c01bbd47fc00a2c39e90264f33305004495a9","hash":"0f0e74faa03c13ce02b3f407e3521130f86db5ff"}
,"D:\\Abhit\\Coding\\WebDev\\Student-Alumni-Mentorship-Portal\\server\\controllers\\alumniController.js": {"path":"D:\\Abhit\\Coding\\WebDev\\Student-Alumni-Mentorship-Portal\\server\\controllers\\alumniController.js","statementMap":{"0":{"start":{"line":3,"column":17},"end":{"line":32,"column":1}},"1":{"start":{"line":5,"column":4},"end":{"line":21,"column":5}},"2":{"start":{"line":6,"column":76},"end":{"line":6,"column":84}},"3":{"start":{"line":8,"column":23},"end":{"line":15,"column":10}},"4":{"start":{"line":17,"column":8},"end":{"line":17,"column":61}},"5":{"start":{"line":20,"column":8},"end":{"line":20,"column":89}}},"fnMap":{"0":{"name":"(anonymous_0)","decl":{"start":{"line":3,"column":17},"end":{"line":3,"column":18}},"loc":{"start":{"line":3,"column":37},"end":{"line":32,"column":1}},"line":3}},"branchMap":{},"s":{"0":1,"1":0,"2":0,"3":0,"4":0,"5":0},"f":{"0":0},"b":{},"_coverageSchema":"1a1c01bbd47fc00a2c39e90264f33305004495a9","hash":"dad421d2925d8f3267571aa3bdb56ecc89583d80"}
,"D:\\Abhit\\Coding\\WebDev\\Student-Alumni-Mentorship-Portal\\server\\controllers\\filterController.js": {"path":"D:\\Abhit\\Coding\\WebDev\\Student-Alumni-Mentorship-Portal\\server\\controllers\\filterController.js","statementMap":{"0":{"start":{"line":4,"column":15},"end":{"line":25,"column":1}},"1":{"start":{"line":5,"column":4},"end":{"line":24,"column":5}},"2":{"start":{"line":6,"column":48},"end":{"line":6,"column":57}},"3":{"start":{"line":7,"column":24},"end":{"line":7,"column":26}},"4":{"start":{"line":9,"column":8},"end":{"line":11,"column":9}},"5":{"start":{"line":10,"column":12},"end":{"line":10,"column":36}},"6":{"start":{"line":12,"column":8},"end":{"line":14,"column":9}},"7":{"start":{"line":13,"column":12},"end":{"line":13,"column":44}},"8":{"start":{"line":15,"column":8},"end":{"line":17,"column":9}},"9":{"start":{"line":16,"column":12},"end":{"line":16,"column":48}},"10":{"start":{"line":18,"column":23},"end":{"line":18,"column":49}},"11":{"start":{"line":19,"column":8},"end":{"line":19,"column":41}},"12":{"start":{"line":20,"column":8},"end":{"line":20,"column":22}},"13":{"start":{"line":23,"column":8},"end":{"line":23,"column":91}}},"fnMap":{"0":{"name":"(anonymous_0)","decl":{"start":{"line":4,"column":15},"end":{"line":4,"column":16}},"loc":{"start":{"line":4,"column":35},"end":{"line":25,"column":1}},"line":4}},"branchMap":{"0":{"loc":{"start":{"line":9,"column":8},"end":{"line":11,"column":9}},"type":"if","locations":[{"start":{"line":9,"column":8},"end":{"line":11,"column":9}},{"start":{},"end":{}}],"line":9},"1":{"loc":{"start":{"line":12,"column":8},"end":{"line":14,"column":9}},"type":"if","locations":[{"start":{"line":12,"column":8},"end":{"line":14,"column":9}},{"start":{},"end":{}}],"line":12},"2":{"loc":{"start":{"line":15,"column":8},"end":{"line":17,"column":9}},"type":"if","locations":[{"start":{"line":15,"column":8},"end":{"line":17,"column":9}},{"start":{},"end":{}}],"line":15}},"s":{"0":1,"1":0,"2":0,"3":0,"4":0,"5":0,"6":0,"7":0,"8":0,"9":0,"10":0,"11":0,"12":0,"13":0},"f":{"0":0},"b":{"0":[0,0],"1":[0,0],"2":[0,0]},"_coverageSchema":"1a1c01bbd47fc00a2c39e90264f33305004495a9","hash":"90abf16008a4e9f42bbc7cb1c61c3bccd7255397"}
,"D:\\Abhit\\Coding\\WebDev\\Student-Alumni-Mentorship-Portal\\server\\controllers\\userController.js": {"path":"D:\\Abhit\\Coding\\WebDev\\Student-Alumni-Mentorship-Portal\\server\\controllers\\userController.js","statementMap":{"0":{"start":{"line":6,"column":24},"end":{"line":33,"column":1}},"1":{"start":{"line":7,"column":2},"end":{"line":32,"column":3}},"2":{"start":{"line":8,"column":32},"end":{"line":8,"column":40}},"3":{"start":{"line":10,"column":15},"end":{"line":10,"column":44}},"4":{"start":{"line":12,"column":4},"end":{"line":12,"column":72}},"5":{"start":{"line":12,"column":14},"end":{"line":12,"column":72}},"6":{"start":{"line":14,"column":27},"end":{"line":14,"column":58}},"7":{"start":{"line":16,"column":20},"end":{"line":16,"column":56}},"8":{"start":{"line":17,"column":4},"end":{"line":20,"column":8}},"9":{"start":{"line":18,"column":6},"end":{"line":20,"column":8}},"10":{"start":{"line":21,"column":22},"end":{"line":21,"column":36}},"11":{"start":{"line":23,"column":4},"end":{"line":27,"column":7}},"12":{"start":{"line":29,"column":4},"end":{"line":29,"column":60}},"13":{"start":{"line":31,"column":4},"end":{"line":31,"column":16}},"14":{"start":{"line":35,"column":21},"end":{"line":87,"column":1}},"15":{"start":{"line":36,"column":2},"end":{"line":86,"column":3}},"16":{"start":{"line":37,"column":43},"end":{"line":37,"column":51}},"17":{"start":{"line":39,"column":4},"end":{"line":83,"column":5}},"18":{"start":{"line":40,"column":19},"end":{"line":40,"column":68}},"19":{"start":{"line":42,"column":6},"end":{"line":43,"column":72}},"20":{"start":{"line":43,"column":8},"end":{"line":43,"column":72}},"21":{"start":{"line":45,"column":22},"end":{"line":45,"column":67}},"22":{"start":{"line":47,"column":6},"end":{"line":52,"column":7}},"23":{"start":{"line":48,"column":20},"end":{"line":48,"column":66}},"24":{"start":{"line":49,"column":8},"end":{"line":49,"column":64}},"25":{"start":{"line":51,"column":8},"end":{"line":51,"column":72}},"26":{"start":{"line":53,"column":11},"end":{"line":83,"column":5}},"27":{"start":{"line":54,"column":19},"end":{"line":54,"column":70}},"28":{"start":{"line":56,"column":6},"end":{"line":57,"column":72}},"29":{"start":{"line":57,"column":8},"end":{"line":57,"column":72}},"30":{"start":{"line":60,"column":22},"end":{"line":60,"column":48}},"31":{"start":{"line":62,"column":6},"end":{"line":66,"column":7}},"32":{"start":{"line":63,"column":8},"end":{"line":63,"column":65}},"33":{"start":{"line":65,"column":8},"end":{"line":65,"column":72}},"34":{"start":{"line":68,"column":6},"end":{"line":68,"column":25}},"35":{"start":{"line":69,"column":6},"end":{"line":69,"column":28}},"36":{"start":{"line":70,"column":19},"end":{"line":70,"column":69}},"37":{"start":{"line":72,"column":6},"end":{"line":73,"column":72}},"38":{"start":{"line":73,"column":8},"end":{"line":73,"column":72}},"39":{"start":{"line":76,"column":22},"end":{"line":76,"column":48}},"40":{"start":{"line":78,"column":6},"end":{"line":82,"column":7}},"41":{"start":{"line":79,"column":8},"end":{"line":79,"column":65}},"42":{"start":{"line":81,"column":8},"end":{"line":81,"column":72}},"43":{"start":{"line":85,"column":4},"end":{"line":85,"column":16}},"44":{"start":{"line":89,"column":28},"end":{"line":126,"column":1}},"45":{"start":{"line":90,"column":2},"end":{"line":125,"column":3}},"46":{"start":{"line":91,"column":4},"end":{"line":122,"column":5}},"47":{"start":{"line":92,"column":19},"end":{"line":92,"column":27}},"48":{"start":{"line":93,"column":18},"end":{"line":93,"column":64}},"49":{"start":{"line":94,"column":6},"end":{"line":102,"column":9}},"50":{"start":{"line":103,"column":11},"end":{"line":122,"column":5}},"51":{"start":{"line":104,"column":19},"end":{"line":104,"column":27}},"52":{"start":{"line":105,"column":6},"end":{"line":113,"column":9}},"53":{"start":{"line":115,"column":19},"end":{"line":115,"column":27}},"54":{"start":{"line":116,"column":6},"end":{"line":121,"column":9}},"55":{"start":{"line":124,"column":4},"end":{"line":124,"column":16}}},"fnMap":{"0":{"name":"(anonymous_0)","decl":{"start":{"line":6,"column":24},"end":{"line":6,"column":25}},"loc":{"start":{"line":6,"column":50},"end":{"line":33,"column":1}},"line":6},"1":{"name":"(anonymous_1)","decl":{"start":{"line":35,"column":21},"end":{"line":35,"column":22}},"loc":{"start":{"line":35,"column":47},"end":{"line":87,"column":1}},"line":35},"2":{"name":"(anonymous_2)","decl":{"start":{"line":89,"column":28},"end":{"line":89,"column":29}},"loc":{"start":{"line":89,"column":54},"end":{"line":126,"column":1}},"line":89}},"branchMap":{"0":{"loc":{"start":{"line":12,"column":4},"end":{"line":12,"column":72}},"type":"if","locations":[{"start":{"line":12,"column":4},"end":{"line":12,"column":72}},{"start":{},"end":{}}],"line":12},"1":{"loc":{"start":{"line":17,"column":4},"end":{"line":20,"column":8}},"type":"if","locations":[{"start":{"line":17,"column":4},"end":{"line":20,"column":8}},{"start":{},"end":{}}],"line":17},"2":{"loc":{"start":{"line":39,"column":4},"end":{"line":83,"column":5}},"type":"if","locations":[{"start":{"line":39,"column":4},"end":{"line":83,"column":5}},{"start":{"line":53,"column":11},"end":{"line":83,"column":5}}],"line":39},"3":{"loc":{"start":{"line":42,"column":6},"end":{"line":43,"column":72}},"type":"if","locations":[{"start":{"line":42,"column":6},"end":{"line":43,"column":72}},{"start":{},"end":{}}],"line":42},"4":{"loc":{"start":{"line":47,"column":6},"end":{"line":52,"column":7}},"type":"if","locations":[{"start":{"line":47,"column":6},"end":{"line":52,"column":7}},{"start":{"line":50,"column":13},"end":{"line":52,"column":7}}],"line":47},"5":{"loc":{"start":{"line":53,"column":11},"end":{"line":83,"column":5}},"type":"if","locations":[{"start":{"line":53,"column":11},"end":{"line":83,"column":5}},{"start":{"line":67,"column":11},"end":{"line":83,"column":5}}],"line":53},"6":{"loc":{"start":{"line":56,"column":6},"end":{"line":57,"column":72}},"type":"if","locations":[{"start":{"line":56,"column":6},"end":{"line":57,"column":72}},{"start":{},"end":{}}],"line":56},"7":{"loc":{"start":{"line":62,"column":6},"end":{"line":66,"column":7}},"type":"if","locations":[{"start":{"line":62,"column":6},"end":{"line":66,"column":7}},{"start":{"line":64,"column":13},"end":{"line":66,"column":7}}],"line":62},"8":{"loc":{"start":{"line":72,"column":6},"end":{"line":73,"column":72}},"type":"if","locations":[{"start":{"line":72,"column":6},"end":{"line":73,"column":72}},{"start":{},"end":{}}],"line":72},"9":{"loc":{"start":{"line":78,"column":6},"end":{"line":82,"column":7}},"type":"if","locations":[{"start":{"line":78,"column":6},"end":{"line":82,"column":7}},{"start":{"line":80,"column":13},"end":{"line":82,"column":7}}],"line":78},"10":{"loc":{"start":{"line":91,"column":4},"end":{"line":122,"column":5}},"type":"if","locations":[{"start":{"line":91,"column":4},"end":{"line":122,"column":5}},{"start":{"line":103,"column":11},"end":{"line":122,"column":5}}],"line":91},"11":{"loc":{"start":{"line":103,"column":11},"end":{"line":122,"column":5}},"type":"if","locations":[{"start":{"line":103,"column":11},"end":{"line":122,"column":5}},{"start":{"line":114,"column":11},"end":{"line":122,"column":5}}],"line":103}},"s":{"0":1,"1":0,"2":0,"3":0,"4":0,"5":0,"6":0,"7":0,"8":0,"9":0,"10":0,"11":0,"12":0,"13":0,"14":1,"15":1,"16":1,"17":1,"18":0,"19":0,"20":0,"21":0,"22":0,"23":0,"24":0,"25":0,"26":1,"27":0,"28":0,"29":0,"30":0,"31":0,"32":0,"33":0,"34":1,"35":1,"36":1,"37":1,"38":0,"39":1,"40":1,"41":1,"42":0,"43":0,"44":1,"45":0,"46":0,"47":0,"48":0,"49":0,"50":0,"51":0,"52":0,"53":0,"54":0,"55":0},"f":{"0":0,"1":1,"2":0},"b":{"0":[0,0],"1":[0,0],"2":[0,1],"3":[0,0],"4":[0,0],"5":[0,1],"6":[0,0],"7":[0,0],"8":[0,1],"9":[1,0],"10":[0,0],"11":[0,0]},"_coverageSchema":"1a1c01bbd47fc00a2c39e90264f33305004495a9","hash":"dab136e2c74b9ec3b306f622fa8afcb3f8f80249"}
,"D:\\Abhit\\Coding\\WebDev\\Student-Alumni-Mentorship-Portal\\server\\middlewares\\auth.js": {"path":"D:\\Abhit\\Coding\\WebDev\\Student-Alumni-Mentorship-Portal\\server\\middlewares\\auth.js","statementMap":{"0":{"start":{"line":5,"column":24},"end":{"line":32,"column":1}},"1":{"start":{"line":6,"column":20},"end":{"line":6,"column":31}},"2":{"start":{"line":8,"column":2},"end":{"line":13,"column":3}},"3":{"start":{"line":9,"column":4},"end":{"line":12,"column":7}},"4":{"start":{"line":15,"column":18},"end":{"line":15,"column":59}},"5":{"start":{"line":17,"column":12},"end":{"line":17,"column":44}},"6":{"start":{"line":18,"column":2},"end":{"line":30,"column":3}},"7":{"start":{"line":19,"column":4},"end":{"line":19,"column":19}},"8":{"start":{"line":20,"column":4},"end":{"line":20,"column":30}},"9":{"start":{"line":22,"column":4},"end":{"line":22,"column":45}},"10":{"start":{"line":23,"column":4},"end":{"line":23,"column":19}},"11":{"start":{"line":24,"column":4},"end":{"line":24,"column":29}},"12":{"start":{"line":25,"column":4},"end":{"line":29,"column":5}},"13":{"start":{"line":26,"column":6},"end":{"line":26,"column":46}},"14":{"start":{"line":27,"column":6},"end":{"line":27,"column":21}},"15":{"start":{"line":28,"column":6},"end":{"line":28,"column":30}},"16":{"start":{"line":31,"column":2},"end":{"line":31,"column":9}}},"fnMap":{"0":{"name":"(anonymous_0)","decl":{"start":{"line":5,"column":24},"end":{"line":5,"column":25}},"loc":{"start":{"line":5,"column":50},"end":{"line":32,"column":1}},"line":5}},"branchMap":{"0":{"loc":{"start":{"line":8,"column":2},"end":{"line":13,"column":3}},"type":"if","locations":[{"start":{"line":8,"column":2},"end":{"line":13,"column":3}},{"start":{},"end":{}}],"line":8},"1":{"loc":{"start":{"line":18,"column":2},"end":{"line":30,"column":3}},"type":"if","locations":[{"start":{"line":18,"column":2},"end":{"line":30,"column":3}},{"start":{"line":21,"column":9},"end":{"line":30,"column":3}}],"line":18},"2":{"loc":{"start":{"line":25,"column":4},"end":{"line":29,"column":5}},"type":"if","locations":[{"start":{"line":25,"column":4},"end":{"line":29,"column":5}},{"start":{},"end":{}}],"line":25}},"s":{"0":1,"1":0,"2":0,"3":0,"4":0,"5":0,"6":0,"7":0,"8":0,"9":0,"10":0,"11":0,"12":0,"13":0,"14":0,"15":0,"16":0},"f":{"0":0},"b":{"0":[0,0],"1":[0,0],"2":[0,0]},"_coverageSchema":"1a1c01bbd47fc00a2c39e90264f33305004495a9","hash":"348c1ee21847385fad3e68e585bd274d2eb72051"}
,"D:\\Abhit\\Coding\\WebDev\\Student-Alumni-Mentorship-Portal\\server\\middlewares\\error.js": {"path":"D:\\Abhit\\Coding\\WebDev\\Student-Alumni-Mentorship-Portal\\server\\middlewares\\error.js","statementMap":{"0":{"start":{"line":3,"column":4},"end":{"line":3,"column":19}},"1":{"start":{"line":4,"column":4},"end":{"line":4,"column":33}},"2":{"start":{"line":7,"column":24},"end":{"line":14,"column":1}},"3":{"start":{"line":8,"column":2},"end":{"line":8,"column":55}},"4":{"start":{"line":9,"column":2},"end":{"line":9,"column":41}},"5":{"start":{"line":10,"column":2},"end":{"line":13,"column":5}}},"fnMap":{"0":{"name":"(anonymous_0)","decl":{"start":{"line":2,"column":2},"end":{"line":2,"column":3}},"loc":{"start":{"line":2,"column":35},"end":{"line":5,"column":3}},"line":2},"1":{"name":"(anonymous_1)","decl":{"start":{"line":7,"column":24},"end":{"line":7,"column":25}},"loc":{"start":{"line":7,"column":49},"end":{"line":14,"column":1}},"line":7}},"branchMap":{"0":{"loc":{"start":{"line":8,"column":16},"end":{"line":8,"column":54}},"type":"binary-expr","locations":[{"start":{"line":8,"column":16},"end":{"line":8,"column":27}},{"start":{"line":8,"column":31},"end":{"line":8,"column":54}}],"line":8},"1":{"loc":{"start":{"line":9,"column":19},"end":{"line":9,"column":40}},"type":"binary-expr","locations":[{"start":{"line":9,"column":19},"end":{"line":9,"column":33}},{"start":{"line":9,"column":37},"end":{"line":9,"column":40}}],"line":9}},"s":{"0":0,"1":0,"2":1,"3":0,"4":0,"5":0},"f":{"0":0,"1":0},"b":{"0":[0,0],"1":[0,0]},"_coverageSchema":"1a1c01bbd47fc00a2c39e90264f33305004495a9","hash":"adad3bba873e9846c206bc46517177c2f74983c6"}
,"D:\\Abhit\\Coding\\WebDev\\Student-Alumni-Mentorship-Portal\\server\\models\\alumniModel.js": {"path":"D:\\Abhit\\Coding\\WebDev\\Student-Alumni-Mentorship-Portal\\server\\models\\alumniModel.js","statementMap":{"0":{"start":{"line":3,"column":21},"end":{"line":36,"column":4}},"1":{"start":{"line":38,"column":17},"end":{"line":38,"column":61}}},"fnMap":{},"branchMap":{},"s":{"0":1,"1":1},"f":{},"b":{},"_coverageSchema":"1a1c01bbd47fc00a2c39e90264f33305004495a9","hash":"0fe68f12247cfc890f97cdc1bf25eb41bbfc9d40"}
,"D:\\Abhit\\Coding\\WebDev\\Student-Alumni-Mentorship-Portal\\server\\models\\userModel.js": {"path":"D:\\Abhit\\Coding\\WebDev\\Student-Alumni-Mentorship-Portal\\server\\models\\userModel.js","statementMap":{"0":{"start":{"line":4,"column":19},"end":{"line":34,"column":2}},"1":{"start":{"line":35,"column":20},"end":{"line":35,"column":54}},"2":{"start":{"line":37,"column":21},"end":{"line":64,"column":2}},"3":{"start":{"line":65,"column":22},"end":{"line":65,"column":60}},"4":{"start":{"line":67,"column":22},"end":{"line":90,"column":2}},"5":{"start":{"line":91,"column":23},"end":{"line":91,"column":63}},"6":{"start":{"line":93,"column":20},"end":{"line":108,"column":2}},"7":{"start":{"line":109,"column":21},"end":{"line":109,"column":57}}},"fnMap":{},"branchMap":{},"s":{"0":1,"1":1,"2":1,"3":1,"4":1,"5":1,"6":1,"7":1},"f":{},"b":{},"_coverageSchema":"1a1c01bbd47fc00a2c39e90264f33305004495a9","hash":"346ff75e9d5f30d2b5d23f033df9a185223cbc7a"}
,"D:\\Abhit\\Coding\\WebDev\\Student-Alumni-Mentorship-Portal\\server\\routes\\filterRouter.js": {"path":"D:\\Abhit\\Coding\\WebDev\\Student-Alumni-Mentorship-Portal\\server\\routes\\filterRouter.js","statementMap":{"0":{"start":{"line":4,"column":21},"end":{"line":4,"column":37}},"1":{"start":{"line":7,"column":0},"end":{"line":7,"column":36}}},"fnMap":{},"branchMap":{},"s":{"0":1,"1":1},"f":{},"b":{},"_coverageSchema":"1a1c01bbd47fc00a2c39e90264f33305004495a9","hash":"3d5809b22f3ea68cc1c05fdb73228fbdc81d3b8b"}
,"D:\\Abhit\\Coding\\WebDev\\Student-Alumni-Mentorship-Portal\\server\\routes\\userRoutes.js": {"path":"D:\\Abhit\\Coding\\WebDev\\Student-Alumni-Mentorship-Portal\\server\\routes\\userRoutes.js","statementMap":{"0":{"start":{"line":12,"column":19},"end":{"line":12,"column":35}},"1":{"start":{"line":14,"column":0},"end":{"line":14,"column":39}},"2":{"start":{"line":16,"column":0},"end":{"line":16,"column":51}},"3":{"start":{"line":18,"column":0},"end":{"line":18,"column":32}},"4":{"start":{"line":20,"column":0},"end":{"line":20,"column":60}}},"fnMap":{},"branchMap":{},"s":{"0":1,"1":1,"2":1,"3":1,"4":1},"f":{},"b":{},"_coverageSchema":"1a1c01bbd47fc00a2c39e90264f33305004495a9","hash":"00b9fd17e3e6d9997b4d33e5c102360abfbd2602"}
,"D:\\Abhit\\Coding\\WebDev\\Student-Alumni-Mentorship-Portal\\server\\utils\\features.js": {"path":"D:\\Abhit\\Coding\\WebDev\\Student-Alumni-Mentorship-Portal\\server\\utils\\features.js","statementMap":{"0":{"start":{"line":3,"column":19},"end":{"line":16,"column":1}},"1":{"start":{"line":4,"column":16},"end":{"line":4,"column":67}},"2":{"start":{"line":6,"column":2},"end":{"line":15,"column":7}}},"fnMap":{"0":{"name":"(anonymous_0)","decl":{"start":{"line":3,"column":19},"end":{"line":3,"column":20}},"loc":{"start":{"line":3,"column":61},"end":{"line":16,"column":1}},"line":3}},"branchMap":{"0":{"loc":{"start":{"line":3,"column":31},"end":{"line":3,"column":47}},"type":"default-arg","locations":[{"start":{"line":3,"column":44},"end":{"line":3,"column":47}}],"line":3}},"s":{"0":1,"1":1,"2":1},"f":{"0":1},"b":{"0":[0]},"_coverageSchema":"1a1c01bbd47fc00a2c39e90264f33305004495a9","hash":"a1a5e6eb654293c1a34f8abae9f4d93a59dae5f8"}
}
