{"C:\\Users\\SARTHAK MAINI\\OneDrive\\Desktop\\Student-Alumni-Mentorship-Portal\\server\\app.js": {"path":"C:\\Users\\SARTHAK MAINI\\OneDrive\\Desktop\\Student-Alumni-Mentorship-Portal\\server\\app.js","statementMap":{"0":{"start":{"line":13,"column":12},"end":{"line":13,"column":21}},"1":{"start":{"line":16,"column":0},"end":{"line":18,"column":3}},"2":{"start":{"line":20,"column":0},"end":{"line":20,"column":24}},"3":{"start":{"line":21,"column":0},"end":{"line":21,"column":24}},"4":{"start":{"line":23,"column":0},"end":{"line":30,"column":3}},"5":{"start":{"line":24,"column":2},"end":{"line":24,"column":69}},"6":{"start":{"line":25,"column":2},"end":{"line":25,"column":80}},"7":{"start":{"line":26,"column":2},"end":{"line":26,"column":77}},"8":{"start":{"line":27,"column":2},"end":{"line":27,"column":55}},"9":{"start":{"line":28,"column":2},"end":{"line":28,"column":60}},"10":{"start":{"line":29,"column":2},"end":{"line":29,"column":9}},"11":{"start":{"line":32,"column":0},"end":{"line":32,"column":37}},"12":{"start":{"line":33,"column":0},"end":{"line":33,"column":53}},"13":{"start":{"line":34,"column":0},"end":{"line":34,"column":43}},"14":{"start":{"line":35,"column":0},"end":{"line":35,"column":53}},"15":{"start":{"line":36,"column":0},"end":{"line":36,"column":41}},"16":{"start":{"line":37,"column":0},"end":{"line":37,"column":55}},"17":{"start":{"line":40,"column":0},"end":{"line":40,"column":55}},"18":{"start":{"line":41,"column":0},"end":{"line":41,"column":49}},"19":{"start":{"line":42,"column":0},"end":{"line":42,"column":42}},"20":{"start":{"line":43,"column":0},"end":{"line":43,"column":43}},"21":{"start":{"line":44,"column":0},"end":{"line":44,"column":44}},"22":{"start":{"line":45,"column":0},"end":{"line":45,"column":41}},"23":{"start":{"line":46,"column":0},"end":{"line":46,"column":50}},"24":{"start":{"line":47,"column":0},"end":{"line":47,"column":44}}},"fnMap":{"0":{"name":"(anonymous_0)","decl":{"start":{"line":23,"column":8},"end":{"line":23,"column":9}},"loc":{"start":{"line":23,"column":28},"end":{"line":30,"column":1}},"line":23}},"branchMap":{},"s":{"0":4,"1":4,"2":4,"3":4,"4":4,"5":20,"6":20,"7":20,"8":20,"9":20,"10":20,"11":4,"12":4,"13":4,"14":4,"15":4,"16":4,"17":4,"18":4,"19":4,"20":4,"21":4,"22":4,"23":4,"24":4},"f":{"0":20},"b":{},"_coverageSchema":"1a1c01bbd47fc00a2c39e90264f33305004495a9","hash":"18be9521c5269423acb112773b7281b9695ec341"}
,"C:\\Users\\SARTHAK MAINI\\OneDrive\\Desktop\\Student-Alumni-Mentorship-Portal\\server\\controllers\\conversationController.js": {"path":"C:\\Users\\SARTHAK MAINI\\OneDrive\\Desktop\\Student-Alumni-Mentorship-Portal\\server\\controllers\\conversationController.js","statementMap":{"0":{"start":{"line":4,"column":31},"end":{"line":19,"column":1}},"1":{"start":{"line":5,"column":26},"end":{"line":11,"column":4}},"2":{"start":{"line":13,"column":2},"end":{"line":18,"column":3}},"3":{"start":{"line":14,"column":30},"end":{"line":14,"column":58}},"4":{"start":{"line":15,"column":4},"end":{"line":15,"column":44}},"5":{"start":{"line":17,"column":4},"end":{"line":17,"column":16}},"6":{"start":{"line":21,"column":32},"end":{"line":30,"column":1}},"7":{"start":{"line":22,"column":2},"end":{"line":29,"column":3}},"8":{"start":{"line":23,"column":26},"end":{"line":25,"column":6}},"9":{"start":{"line":26,"column":4},"end":{"line":26,"column":40}},"10":{"start":{"line":28,"column":4},"end":{"line":28,"column":16}},"11":{"start":{"line":32,"column":34},"end":{"line":49,"column":1}},"12":{"start":{"line":33,"column":2},"end":{"line":48,"column":3}},"13":{"start":{"line":34,"column":32},"end":{"line":40,"column":5}},"14":{"start":{"line":42,"column":4},"end":{"line":44,"column":5}},"15":{"start":{"line":43,"column":6},"end":{"line":43,"column":71}},"16":{"start":{"line":45,"column":4},"end":{"line":45,"column":34}},"17":{"start":{"line":47,"column":4},"end":{"line":47,"column":16}},"18":{"start":{"line":51,"column":35},"end":{"line":96,"column":1}},"19":{"start":{"line":52,"column":2},"end":{"line":95,"column":3}},"20":{"start":{"line":53,"column":19},"end":{"line":70,"column":5}},"21":{"start":{"line":73,"column":4},"end":{"line":88,"column":5}},"22":{"start":{"line":74,"column":28},"end":{"line":74,"column":53}},"23":{"start":{"line":75,"column":27},"end":{"line":75,"column":51}},"24":{"start":{"line":78,"column":6},"end":{"line":87,"column":9}},"25":{"start":{"line":90,"column":26},"end":{"line":90,"column":64}},"26":{"start":{"line":92,"column":4},"end":{"line":92,"column":40}},"27":{"start":{"line":94,"column":4},"end":{"line":94,"column":16}}},"fnMap":{"0":{"name":"(anonymous_0)","decl":{"start":{"line":4,"column":31},"end":{"line":4,"column":32}},"loc":{"start":{"line":4,"column":57},"end":{"line":19,"column":1}},"line":4},"1":{"name":"(anonymous_1)","decl":{"start":{"line":21,"column":32},"end":{"line":21,"column":33}},"loc":{"start":{"line":21,"column":58},"end":{"line":30,"column":1}},"line":21},"2":{"name":"(anonymous_2)","decl":{"start":{"line":32,"column":34},"end":{"line":32,"column":35}},"loc":{"start":{"line":32,"column":60},"end":{"line":49,"column":1}},"line":32},"3":{"name":"(anonymous_3)","decl":{"start":{"line":51,"column":35},"end":{"line":51,"column":36}},"loc":{"start":{"line":51,"column":61},"end":{"line":96,"column":1}},"line":51}},"branchMap":{"0":{"loc":{"start":{"line":42,"column":4},"end":{"line":44,"column":5}},"type":"if","locations":[{"start":{"line":42,"column":4},"end":{"line":44,"column":5}},{"start":{},"end":{}}],"line":42},"1":{"loc":{"start":{"line":73,"column":4},"end":{"line":88,"column":5}},"type":"if","locations":[{"start":{"line":73,"column":4},"end":{"line":88,"column":5}},{"start":{},"end":{}}],"line":73},"2":{"loc":{"start":{"line":73,"column":8},"end":{"line":73,"column":41}},"type":"binary-expr","locations":[{"start":{"line":73,"column":8},"end":{"line":73,"column":23}},{"start":{"line":73,"column":27},"end":{"line":73,"column":41}}],"line":73}},"s":{"0":4,"1":1,"2":1,"3":1,"4":1,"5":0,"6":4,"7":1,"8":1,"9":1,"10":0,"11":4,"12":0,"13":0,"14":0,"15":0,"16":0,"17":0,"18":4,"19":1,"20":1,"21":1,"22":0,"23":0,"24":0,"25":1,"26":1,"27":0},"f":{"0":1,"1":1,"2":0,"3":1},"b":{"0":[0,0],"1":[0,1],"2":[1,0]},"_coverageSchema":"1a1c01bbd47fc00a2c39e90264f33305004495a9","hash":"de3c1212025e2714a533fc4d1b052792b1406f4b"}
,"C:\\Users\\SARTHAK MAINI\\OneDrive\\Desktop\\Student-Alumni-Mentorship-Portal\\server\\controllers\\eventController.js": {"path":"C:\\Users\\SARTHAK MAINI\\OneDrive\\Desktop\\Student-Alumni-Mentorship-Portal\\server\\controllers\\eventController.js","statementMap":{"0":{"start":{"line":5,"column":31},"end":{"line":39,"column":1}},"1":{"start":{"line":6,"column":4},"end":{"line":38,"column":9}},"2":{"start":{"line":8,"column":92},"end":{"line":8,"column":100}},"3":{"start":{"line":11,"column":23},"end":{"line":11,"column":61}},"4":{"start":{"line":13,"column":8},"end":{"line":15,"column":11}},"5":{"start":{"line":14,"column":12},"end":{"line":14,"column":71}},"6":{"start":{"line":18,"column":29},"end":{"line":18,"column":60}},"7":{"start":{"line":18,"column":47},"end":{"line":18,"column":59}},"8":{"start":{"line":20,"column":27},"end":{"line":28,"column":12}},"9":{"start":{"line":30,"column":24},"end":{"line":30,"column":43}},"10":{"start":{"line":31,"column":10},"end":{"line":31,"column":29}},"11":{"start":{"line":34,"column":10},"end":{"line":34,"column":78}},"12":{"start":{"line":36,"column":10},"end":{"line":36,"column":73}},"13":{"start":{"line":37,"column":10},"end":{"line":37,"column":101}},"14":{"start":{"line":41,"column":38},"end":{"line":72,"column":1}},"15":{"start":{"line":42,"column":4},"end":{"line":71,"column":9}},"16":{"start":{"line":44,"column":100},"end":{"line":44,"column":108}},"17":{"start":{"line":47,"column":24},"end":{"line":47,"column":59}},"18":{"start":{"line":49,"column":8},"end":{"line":51,"column":11}},"19":{"start":{"line":50,"column":12},"end":{"line":50,"column":72}},"20":{"start":{"line":53,"column":27},"end":{"line":61,"column":12}},"21":{"start":{"line":63,"column":24},"end":{"line":63,"column":50}},"22":{"start":{"line":64,"column":10},"end":{"line":64,"column":29}},"23":{"start":{"line":67,"column":10},"end":{"line":67,"column":79}},"24":{"start":{"line":69,"column":10},"end":{"line":69,"column":73}},"25":{"start":{"line":70,"column":10},"end":{"line":70,"column":101}},"26":{"start":{"line":74,"column":31},"end":{"line":90,"column":1}},"27":{"start":{"line":75,"column":23},"end":{"line":75,"column":32}},"28":{"start":{"line":76,"column":4},"end":{"line":89,"column":5}},"29":{"start":{"line":77,"column":28},"end":{"line":77,"column":38}},"30":{"start":{"line":80,"column":23},"end":{"line":83,"column":10}},"31":{"start":{"line":85,"column":8},"end":{"line":85,"column":41}},"32":{"start":{"line":87,"column":6},"end":{"line":87,"column":60}},"33":{"start":{"line":88,"column":6},"end":{"line":88,"column":88}},"34":{"start":{"line":92,"column":34},"end":{"line":106,"column":1}},"35":{"start":{"line":93,"column":4},"end":{"line":105,"column":5}},"36":{"start":{"line":94,"column":29},"end":{"line":94,"column":43}},"37":{"start":{"line":95,"column":8},"end":{"line":95,"column":63}},"38":{"start":{"line":96,"column":22},"end":{"line":96,"column":70}},"39":{"start":{"line":97,"column":8},"end":{"line":99,"column":9}},"40":{"start":{"line":98,"column":12},"end":{"line":98,"column":70}},"41":{"start":{"line":100,"column":8},"end":{"line":100,"column":76}},"42":{"start":{"line":101,"column":8},"end":{"line":101,"column":72}},"43":{"start":{"line":103,"column":8},"end":{"line":103,"column":62}},"44":{"start":{"line":104,"column":8},"end":{"line":104,"column":90}},"45":{"start":{"line":141,"column":27},"end":{"line":156,"column":1}},"46":{"start":{"line":142,"column":4},"end":{"line":155,"column":5}},"47":{"start":{"line":143,"column":28},"end":{"line":143,"column":37}},"48":{"start":{"line":145,"column":29},"end":{"line":145,"column":67}},"49":{"start":{"line":147,"column":8},"end":{"line":149,"column":9}},"50":{"start":{"line":148,"column":12},"end":{"line":148,"column":70}},"51":{"start":{"line":151,"column":8},"end":{"line":151,"column":72}},"52":{"start":{"line":153,"column":8},"end":{"line":153,"column":54}},"53":{"start":{"line":154,"column":8},"end":{"line":154,"column":86}},"54":{"start":{"line":158,"column":29},"end":{"line":176,"column":1}},"55":{"start":{"line":159,"column":24},"end":{"line":159,"column":34}},"56":{"start":{"line":160,"column":4},"end":{"line":175,"column":5}},"57":{"start":{"line":161,"column":27},"end":{"line":161,"column":36}},"58":{"start":{"line":162,"column":8},"end":{"line":162,"column":49}},"59":{"start":{"line":164,"column":23},"end":{"line":168,"column":9}},"60":{"start":{"line":170,"column":8},"end":{"line":170,"column":43}},"61":{"start":{"line":171,"column":8},"end":{"line":171,"column":41}},"62":{"start":{"line":173,"column":8},"end":{"line":173,"column":62}},"63":{"start":{"line":174,"column":8},"end":{"line":174,"column":90}}},"fnMap":{"0":{"name":"(anonymous_0)","decl":{"start":{"line":5,"column":31},"end":{"line":5,"column":32}},"loc":{"start":{"line":5,"column":51},"end":{"line":39,"column":1}},"line":5},"1":{"name":"(anonymous_1)","decl":{"start":{"line":18,"column":40},"end":{"line":18,"column":41}},"loc":{"start":{"line":18,"column":47},"end":{"line":18,"column":59}},"line":18},"2":{"name":"(anonymous_2)","decl":{"start":{"line":41,"column":38},"end":{"line":41,"column":39}},"loc":{"start":{"line":41,"column":58},"end":{"line":72,"column":1}},"line":41},"3":{"name":"(anonymous_3)","decl":{"start":{"line":74,"column":31},"end":{"line":74,"column":32}},"loc":{"start":{"line":74,"column":51},"end":{"line":90,"column":1}},"line":74},"4":{"name":"(anonymous_4)","decl":{"start":{"line":92,"column":34},"end":{"line":92,"column":35}},"loc":{"start":{"line":92,"column":54},"end":{"line":106,"column":1}},"line":92},"5":{"name":"(anonymous_5)","decl":{"start":{"line":141,"column":27},"end":{"line":141,"column":28}},"loc":{"start":{"line":141,"column":47},"end":{"line":156,"column":1}},"line":141},"6":{"name":"(anonymous_6)","decl":{"start":{"line":158,"column":29},"end":{"line":158,"column":30}},"loc":{"start":{"line":158,"column":49},"end":{"line":176,"column":1}},"line":158}},"branchMap":{"0":{"loc":{"start":{"line":13,"column":8},"end":{"line":15,"column":11}},"type":"if","locations":[{"start":{"line":13,"column":8},"end":{"line":15,"column":11}},{"start":{},"end":{}}],"line":13},"1":{"loc":{"start":{"line":49,"column":8},"end":{"line":51,"column":11}},"type":"if","locations":[{"start":{"line":49,"column":8},"end":{"line":51,"column":11}},{"start":{},"end":{}}],"line":49},"2":{"loc":{"start":{"line":97,"column":8},"end":{"line":99,"column":9}},"type":"if","locations":[{"start":{"line":97,"column":8},"end":{"line":99,"column":9}},{"start":{},"end":{}}],"line":97},"3":{"loc":{"start":{"line":147,"column":8},"end":{"line":149,"column":9}},"type":"if","locations":[{"start":{"line":147,"column":8},"end":{"line":149,"column":9}},{"start":{},"end":{}}],"line":147}},"s":{"0":4,"1":0,"2":0,"3":0,"4":0,"5":0,"6":0,"7":0,"8":0,"9":0,"10":0,"11":0,"12":0,"13":0,"14":4,"15":0,"16":0,"17":0,"18":0,"19":0,"20":0,"21":0,"22":0,"23":0,"24":0,"25":0,"26":4,"27":0,"28":0,"29":0,"30":0,"31":0,"32":0,"33":0,"34":4,"35":0,"36":0,"37":0,"38":0,"39":0,"40":0,"41":0,"42":0,"43":0,"44":0,"45":4,"46":0,"47":0,"48":0,"49":0,"50":0,"51":0,"52":0,"53":0,"54":4,"55":0,"56":0,"57":0,"58":0,"59":0,"60":0,"61":0,"62":0,"63":0},"f":{"0":0,"1":0,"2":0,"3":0,"4":0,"5":0,"6":0},"b":{"0":[0,0],"1":[0,0],"2":[0,0],"3":[0,0]},"_coverageSchema":"1a1c01bbd47fc00a2c39e90264f33305004495a9","hash":"ace29baffe4bd2121479cf2bbe360e64e2cf7776"}
,"C:\\Users\\SARTHAK MAINI\\OneDrive\\Desktop\\Student-Alumni-Mentorship-Portal\\server\\controllers\\filterController.js": {"path":"C:\\Users\\SARTHAK MAINI\\OneDrive\\Desktop\\Student-Alumni-Mentorship-Portal\\server\\controllers\\filterController.js","statementMap":{"0":{"start":{"line":4,"column":15},"end":{"line":21,"column":1}},"1":{"start":{"line":5,"column":2},"end":{"line":20,"column":3}},"2":{"start":{"line":7,"column":21},"end":{"line":7,"column":52}},"3":{"start":{"line":8,"column":20},"end":{"line":8,"column":50}},"4":{"start":{"line":9,"column":18},"end":{"line":9,"column":52}},"5":{"start":{"line":10,"column":22},"end":{"line":10,"column":64}},"6":{"start":{"line":11,"column":22},"end":{"line":11,"column":63}},"7":{"start":{"line":13,"column":19},"end":{"line":13,"column":69}},"8":{"start":{"line":14,"column":4},"end":{"line":14,"column":33}},"9":{"start":{"line":15,"column":4},"end":{"line":15,"column":18}},"10":{"start":{"line":17,"column":4},"end":{"line":19,"column":74}},"11":{"start":{"line":23,"column":15},"end":{"line":38,"column":1}},"12":{"start":{"line":24,"column":2},"end":{"line":37,"column":3}},"13":{"start":{"line":26,"column":19},"end":{"line":29,"column":6}},"14":{"start":{"line":31,"column":4},"end":{"line":31,"column":37}},"15":{"start":{"line":32,"column":4},"end":{"line":32,"column":18}},"16":{"start":{"line":34,"column":4},"end":{"line":36,"column":74}},"17":{"start":{"line":40,"column":15},"end":{"line":81,"column":1}},"18":{"start":{"line":41,"column":2},"end":{"line":80,"column":3}},"19":{"start":{"line":48,"column":8},"end":{"line":48,"column":17}},"20":{"start":{"line":50,"column":20},"end":{"line":50,"column":22}},"21":{"start":{"line":52,"column":4},"end":{"line":54,"column":5}},"22":{"start":{"line":53,"column":6},"end":{"line":53,"column":30}},"23":{"start":{"line":55,"column":4},"end":{"line":57,"column":5}},"24":{"start":{"line":56,"column":6},"end":{"line":56,"column":38}},"25":{"start":{"line":59,"column":4},"end":{"line":61,"column":5}},"26":{"start":{"line":60,"column":6},"end":{"line":60,"column":42}},"27":{"start":{"line":62,"column":4},"end":{"line":64,"column":5}},"28":{"start":{"line":63,"column":6},"end":{"line":63,"column":58}},"29":{"start":{"line":66,"column":4},"end":{"line":68,"column":5}},"30":{"start":{"line":67,"column":6},"end":{"line":67,"column":53}},"31":{"start":{"line":70,"column":4},"end":{"line":70,"column":28}},"32":{"start":{"line":72,"column":19},"end":{"line":72,"column":45}},"33":{"start":{"line":74,"column":4},"end":{"line":74,"column":37}},"34":{"start":{"line":75,"column":4},"end":{"line":75,"column":18}},"35":{"start":{"line":77,"column":4},"end":{"line":79,"column":74}},"36":{"start":{"line":83,"column":26},"end":{"line":102,"column":1}},"37":{"start":{"line":84,"column":2},"end":{"line":101,"column":3}},"38":{"start":{"line":85,"column":25},"end":{"line":85,"column":34}},"39":{"start":{"line":88,"column":19},"end":{"line":88,"column":50}},"40":{"start":{"line":90,"column":4},"end":{"line":92,"column":5}},"41":{"start":{"line":91,"column":6},"end":{"line":91,"column":65}},"42":{"start":{"line":95,"column":23},"end":{"line":95,"column":34}},"43":{"start":{"line":97,"column":4},"end":{"line":97,"column":41}},"44":{"start":{"line":98,"column":4},"end":{"line":98,"column":22}},"45":{"start":{"line":100,"column":4},"end":{"line":100,"column":89}}},"fnMap":{"0":{"name":"(anonymous_0)","decl":{"start":{"line":4,"column":15},"end":{"line":4,"column":16}},"loc":{"start":{"line":4,"column":35},"end":{"line":21,"column":1}},"line":4},"1":{"name":"(anonymous_1)","decl":{"start":{"line":23,"column":15},"end":{"line":23,"column":16}},"loc":{"start":{"line":23,"column":35},"end":{"line":38,"column":1}},"line":23},"2":{"name":"(anonymous_2)","decl":{"start":{"line":40,"column":15},"end":{"line":40,"column":16}},"loc":{"start":{"line":40,"column":35},"end":{"line":81,"column":1}},"line":40},"3":{"name":"(anonymous_3)","decl":{"start":{"line":83,"column":26},"end":{"line":83,"column":27}},"loc":{"start":{"line":83,"column":46},"end":{"line":102,"column":1}},"line":83}},"branchMap":{"0":{"loc":{"start":{"line":52,"column":4},"end":{"line":54,"column":5}},"type":"if","locations":[{"start":{"line":52,"column":4},"end":{"line":54,"column":5}},{"start":{},"end":{}}],"line":52},"1":{"loc":{"start":{"line":55,"column":4},"end":{"line":57,"column":5}},"type":"if","locations":[{"start":{"line":55,"column":4},"end":{"line":57,"column":5}},{"start":{},"end":{}}],"line":55},"2":{"loc":{"start":{"line":59,"column":4},"end":{"line":61,"column":5}},"type":"if","locations":[{"start":{"line":59,"column":4},"end":{"line":61,"column":5}},{"start":{},"end":{}}],"line":59},"3":{"loc":{"start":{"line":62,"column":4},"end":{"line":64,"column":5}},"type":"if","locations":[{"start":{"line":62,"column":4},"end":{"line":64,"column":5}},{"start":{},"end":{}}],"line":62},"4":{"loc":{"start":{"line":66,"column":4},"end":{"line":68,"column":5}},"type":"if","locations":[{"start":{"line":66,"column":4},"end":{"line":68,"column":5}},{"start":{},"end":{}}],"line":66},"5":{"loc":{"start":{"line":90,"column":4},"end":{"line":92,"column":5}},"type":"if","locations":[{"start":{"line":90,"column":4},"end":{"line":92,"column":5}},{"start":{},"end":{}}],"line":90}},"s":{"0":4,"1":1,"2":1,"3":1,"4":1,"5":1,"6":1,"7":1,"8":1,"9":1,"10":0,"11":4,"12":1,"13":1,"14":1,"15":1,"16":0,"17":4,"18":1,"19":1,"20":1,"21":1,"22":0,"23":1,"24":0,"25":1,"26":1,"27":1,"28":0,"29":1,"30":0,"31":1,"32":1,"33":1,"34":1,"35":0,"36":4,"37":1,"38":1,"39":1,"40":1,"41":0,"42":1,"43":1,"44":1,"45":0},"f":{"0":1,"1":1,"2":1,"3":1},"b":{"0":[0,1],"1":[0,1],"2":[1,0],"3":[0,1],"4":[0,1],"5":[0,1]},"_coverageSchema":"1a1c01bbd47fc00a2c39e90264f33305004495a9","hash":"05d55466ef24012196779bc065fb115accdb676e"}
,"C:\\Users\\SARTHAK MAINI\\OneDrive\\Desktop\\Student-Alumni-Mentorship-Portal\\server\\controllers\\filterStudentController.js": {"path":"C:\\Users\\SARTHAK MAINI\\OneDrive\\Desktop\\Student-Alumni-Mentorship-Portal\\server\\controllers\\filterStudentController.js","statementMap":{"0":{"start":{"line":4,"column":22},"end":{"line":17,"column":1}},"1":{"start":{"line":5,"column":2},"end":{"line":16,"column":3}},"2":{"start":{"line":6,"column":21},"end":{"line":6,"column":53}},"3":{"start":{"line":7,"column":20},"end":{"line":7,"column":51}},"4":{"start":{"line":9,"column":19},"end":{"line":9,"column":40}},"5":{"start":{"line":10,"column":4},"end":{"line":10,"column":33}},"6":{"start":{"line":11,"column":4},"end":{"line":11,"column":18}},"7":{"start":{"line":13,"column":4},"end":{"line":15,"column":74}},"8":{"start":{"line":19,"column":22},"end":{"line":33,"column":1}},"9":{"start":{"line":20,"column":2},"end":{"line":32,"column":3}},"10":{"start":{"line":21,"column":19},"end":{"line":24,"column":6}},"11":{"start":{"line":26,"column":4},"end":{"line":26,"column":37}},"12":{"start":{"line":27,"column":4},"end":{"line":27,"column":18}},"13":{"start":{"line":29,"column":4},"end":{"line":31,"column":74}},"14":{"start":{"line":35,"column":22},"end":{"line":58,"column":1}},"15":{"start":{"line":36,"column":2},"end":{"line":57,"column":3}},"16":{"start":{"line":37,"column":30},"end":{"line":37,"column":39}},"17":{"start":{"line":38,"column":20},"end":{"line":38,"column":22}},"18":{"start":{"line":40,"column":4},"end":{"line":42,"column":5}},"19":{"start":{"line":41,"column":6},"end":{"line":41,"column":30}},"20":{"start":{"line":43,"column":4},"end":{"line":45,"column":5}},"21":{"start":{"line":44,"column":6},"end":{"line":44,"column":38}},"22":{"start":{"line":47,"column":4},"end":{"line":47,"column":28}},"23":{"start":{"line":49,"column":19},"end":{"line":49,"column":46}},"24":{"start":{"line":51,"column":4},"end":{"line":51,"column":37}},"25":{"start":{"line":52,"column":4},"end":{"line":52,"column":18}},"26":{"start":{"line":54,"column":4},"end":{"line":56,"column":74}},"27":{"start":{"line":60,"column":27},"end":{"line":77,"column":1}},"28":{"start":{"line":61,"column":2},"end":{"line":76,"column":3}},"29":{"start":{"line":62,"column":26},"end":{"line":62,"column":35}},"30":{"start":{"line":64,"column":20},"end":{"line":64,"column":53}},"31":{"start":{"line":66,"column":4},"end":{"line":68,"column":5}},"32":{"start":{"line":67,"column":6},"end":{"line":67,"column":66}},"33":{"start":{"line":70,"column":24},"end":{"line":70,"column":36}},"34":{"start":{"line":72,"column":4},"end":{"line":72,"column":42}},"35":{"start":{"line":73,"column":4},"end":{"line":73,"column":23}},"36":{"start":{"line":75,"column":4},"end":{"line":75,"column":90}}},"fnMap":{"0":{"name":"(anonymous_0)","decl":{"start":{"line":4,"column":22},"end":{"line":4,"column":23}},"loc":{"start":{"line":4,"column":42},"end":{"line":17,"column":1}},"line":4},"1":{"name":"(anonymous_1)","decl":{"start":{"line":19,"column":22},"end":{"line":19,"column":23}},"loc":{"start":{"line":19,"column":42},"end":{"line":33,"column":1}},"line":19},"2":{"name":"(anonymous_2)","decl":{"start":{"line":35,"column":22},"end":{"line":35,"column":23}},"loc":{"start":{"line":35,"column":42},"end":{"line":58,"column":1}},"line":35},"3":{"name":"(anonymous_3)","decl":{"start":{"line":60,"column":27},"end":{"line":60,"column":28}},"loc":{"start":{"line":60,"column":47},"end":{"line":77,"column":1}},"line":60}},"branchMap":{"0":{"loc":{"start":{"line":40,"column":4},"end":{"line":42,"column":5}},"type":"if","locations":[{"start":{"line":40,"column":4},"end":{"line":42,"column":5}},{"start":{},"end":{}}],"line":40},"1":{"loc":{"start":{"line":43,"column":4},"end":{"line":45,"column":5}},"type":"if","locations":[{"start":{"line":43,"column":4},"end":{"line":45,"column":5}},{"start":{},"end":{}}],"line":43},"2":{"loc":{"start":{"line":66,"column":4},"end":{"line":68,"column":5}},"type":"if","locations":[{"start":{"line":66,"column":4},"end":{"line":68,"column":5}},{"start":{},"end":{}}],"line":66}},"s":{"0":4,"1":1,"2":1,"3":1,"4":1,"5":1,"6":1,"7":0,"8":4,"9":1,"10":1,"11":1,"12":1,"13":0,"14":4,"15":1,"16":1,"17":1,"18":1,"19":0,"20":1,"21":1,"22":1,"23":1,"24":1,"25":1,"26":0,"27":4,"28":1,"29":1,"30":1,"31":1,"32":0,"33":1,"34":1,"35":1,"36":0},"f":{"0":1,"1":1,"2":1,"3":1},"b":{"0":[0,1],"1":[1,0],"2":[0,1]},"_coverageSchema":"1a1c01bbd47fc00a2c39e90264f33305004495a9","hash":"30d16382a1365d1c26916233909041a45f72a104"}
,"C:\\Users\\SARTHAK MAINI\\OneDrive\\Desktop\\Student-Alumni-Mentorship-Portal\\server\\controllers\\messageController.js": {"path":"C:\\Users\\SARTHAK MAINI\\OneDrive\\Desktop\\Student-Alumni-Mentorship-Portal\\server\\controllers\\messageController.js","statementMap":{"0":{"start":{"line":4,"column":26},"end":{"line":13,"column":1}},"1":{"start":{"line":5,"column":21},"end":{"line":5,"column":42}},"2":{"start":{"line":7,"column":2},"end":{"line":12,"column":3}},"3":{"start":{"line":8,"column":25},"end":{"line":8,"column":48}},"4":{"start":{"line":9,"column":4},"end":{"line":9,"column":39}},"5":{"start":{"line":11,"column":4},"end":{"line":11,"column":16}},"6":{"start":{"line":15,"column":27},"end":{"line":25,"column":1}},"7":{"start":{"line":16,"column":2},"end":{"line":24,"column":3}},"8":{"start":{"line":18,"column":21},"end":{"line":20,"column":6}},"9":{"start":{"line":21,"column":4},"end":{"line":21,"column":35}},"10":{"start":{"line":23,"column":4},"end":{"line":23,"column":16}}},"fnMap":{"0":{"name":"(anonymous_0)","decl":{"start":{"line":4,"column":26},"end":{"line":4,"column":27}},"loc":{"start":{"line":4,"column":52},"end":{"line":13,"column":1}},"line":4},"1":{"name":"(anonymous_1)","decl":{"start":{"line":15,"column":27},"end":{"line":15,"column":28}},"loc":{"start":{"line":15,"column":53},"end":{"line":25,"column":1}},"line":15}},"branchMap":{},"s":{"0":4,"1":1,"2":1,"3":1,"4":1,"5":0,"6":4,"7":1,"8":1,"9":1,"10":0},"f":{"0":1,"1":1},"b":{},"_coverageSchema":"1a1c01bbd47fc00a2c39e90264f33305004495a9","hash":"61bd87ace2268c674cee463d411fd0654bc6809e"}
,"C:\\Users\\SARTHAK MAINI\\OneDrive\\Desktop\\Student-Alumni-Mentorship-Portal\\server\\controllers\\notificationController.js": {"path":"C:\\Users\\SARTHAK MAINI\\OneDrive\\Desktop\\Student-Alumni-Mentorship-Portal\\server\\controllers\\notificationController.js","statementMap":{"0":{"start":{"line":4,"column":31},"end":{"line":13,"column":1}},"1":{"start":{"line":5,"column":26},"end":{"line":5,"column":52}},"2":{"start":{"line":7,"column":2},"end":{"line":12,"column":3}},"3":{"start":{"line":8,"column":30},"end":{"line":8,"column":58}},"4":{"start":{"line":9,"column":4},"end":{"line":9,"column":44}},"5":{"start":{"line":11,"column":4},"end":{"line":11,"column":16}},"6":{"start":{"line":15,"column":32},"end":{"line":24,"column":1}},"7":{"start":{"line":16,"column":2},"end":{"line":23,"column":3}},"8":{"start":{"line":17,"column":26},"end":{"line":19,"column":6}},"9":{"start":{"line":20,"column":4},"end":{"line":20,"column":40}},"10":{"start":{"line":22,"column":4},"end":{"line":22,"column":16}},"11":{"start":{"line":26,"column":34},"end":{"line":36,"column":1}},"12":{"start":{"line":27,"column":2},"end":{"line":35,"column":3}},"13":{"start":{"line":28,"column":18},"end":{"line":30,"column":6}},"14":{"start":{"line":32,"column":4},"end":{"line":32,"column":32}},"15":{"start":{"line":34,"column":4},"end":{"line":34,"column":16}},"16":{"start":{"line":38,"column":34},"end":{"line":51,"column":1}},"17":{"start":{"line":39,"column":2},"end":{"line":50,"column":3}},"18":{"start":{"line":41,"column":19},"end":{"line":43,"column":6}},"19":{"start":{"line":44,"column":4},"end":{"line":46,"column":6}},"20":{"start":{"line":47,"column":4},"end":{"line":47,"column":33}},"21":{"start":{"line":49,"column":4},"end":{"line":49,"column":16}}},"fnMap":{"0":{"name":"(anonymous_0)","decl":{"start":{"line":4,"column":31},"end":{"line":4,"column":32}},"loc":{"start":{"line":4,"column":57},"end":{"line":13,"column":1}},"line":4},"1":{"name":"(anonymous_1)","decl":{"start":{"line":15,"column":32},"end":{"line":15,"column":33}},"loc":{"start":{"line":15,"column":58},"end":{"line":24,"column":1}},"line":15},"2":{"name":"(anonymous_2)","decl":{"start":{"line":26,"column":34},"end":{"line":26,"column":35}},"loc":{"start":{"line":26,"column":60},"end":{"line":36,"column":1}},"line":26},"3":{"name":"(anonymous_3)","decl":{"start":{"line":38,"column":34},"end":{"line":38,"column":35}},"loc":{"start":{"line":38,"column":60},"end":{"line":51,"column":1}},"line":38}},"branchMap":{},"s":{"0":4,"1":0,"2":0,"3":0,"4":0,"5":0,"6":4,"7":0,"8":0,"9":0,"10":0,"11":4,"12":0,"13":0,"14":0,"15":0,"16":4,"17":0,"18":0,"19":0,"20":0,"21":0},"f":{"0":0,"1":0,"2":0,"3":0},"b":{},"_coverageSchema":"1a1c01bbd47fc00a2c39e90264f33305004495a9","hash":"3b220037e52f2c8ed20dc7dbb7b7be770dd9338e"}
,"C:\\Users\\SARTHAK MAINI\\OneDrive\\Desktop\\Student-Alumni-Mentorship-Portal\\server\\controllers\\reportsController.js": {"path":"C:\\Users\\SARTHAK MAINI\\OneDrive\\Desktop\\Student-Alumni-Mentorship-Portal\\server\\controllers\\reportsController.js","statementMap":{"0":{"start":{"line":4,"column":26},"end":{"line":12,"column":1}},"1":{"start":{"line":6,"column":2},"end":{"line":11,"column":3}},"2":{"start":{"line":7,"column":20},"end":{"line":7,"column":59}},"3":{"start":{"line":8,"column":4},"end":{"line":8,"column":34}},"4":{"start":{"line":10,"column":4},"end":{"line":10,"column":16}},"5":{"start":{"line":14,"column":38},"end":{"line":22,"column":1}},"6":{"start":{"line":16,"column":2},"end":{"line":21,"column":3}},"7":{"start":{"line":17,"column":18},"end":{"line":17,"column":67}},"8":{"start":{"line":18,"column":4},"end":{"line":18,"column":32}},"9":{"start":{"line":20,"column":4},"end":{"line":20,"column":16}},"10":{"start":{"line":24,"column":36},"end":{"line":35,"column":1}},"11":{"start":{"line":25,"column":2},"end":{"line":34,"column":3}},"12":{"start":{"line":26,"column":19},"end":{"line":30,"column":5}},"13":{"start":{"line":31,"column":4},"end":{"line":31,"column":33}},"14":{"start":{"line":33,"column":4},"end":{"line":33,"column":16}}},"fnMap":{"0":{"name":"(anonymous_0)","decl":{"start":{"line":4,"column":26},"end":{"line":4,"column":27}},"loc":{"start":{"line":4,"column":52},"end":{"line":12,"column":1}},"line":4},"1":{"name":"(anonymous_1)","decl":{"start":{"line":14,"column":38},"end":{"line":14,"column":39}},"loc":{"start":{"line":14,"column":64},"end":{"line":22,"column":1}},"line":14},"2":{"name":"(anonymous_2)","decl":{"start":{"line":24,"column":36},"end":{"line":24,"column":37}},"loc":{"start":{"line":24,"column":62},"end":{"line":35,"column":1}},"line":24}},"branchMap":{},"s":{"0":4,"1":0,"2":0,"3":0,"4":0,"5":4,"6":0,"7":0,"8":0,"9":0,"10":4,"11":0,"12":0,"13":0,"14":0},"f":{"0":0,"1":0,"2":0},"b":{},"_coverageSchema":"1a1c01bbd47fc00a2c39e90264f33305004495a9","hash":"6e139e2f728dd5b3d53ca86cb2aa4668dc4ee464"}
,"C:\\Users\\SARTHAK MAINI\\OneDrive\\Desktop\\Student-Alumni-Mentorship-Portal\\server\\controllers\\userController.js": {"path":"C:\\Users\\SARTHAK MAINI\\OneDrive\\Desktop\\Student-Alumni-Mentorship-Portal\\server\\controllers\\userController.js","statementMap":{"0":{"start":{"line":15,"column":28},"end":{"line":54,"column":1}},"1":{"start":{"line":16,"column":2},"end":{"line":53,"column":3}},"2":{"start":{"line":17,"column":18},"end":{"line":17,"column":33}},"3":{"start":{"line":21,"column":14},"end":{"line":21,"column":50}},"4":{"start":{"line":23,"column":4},"end":{"line":43,"column":5}},"5":{"start":{"line":24,"column":6},"end":{"line":24,"column":20}},"6":{"start":{"line":25,"column":6},"end":{"line":25,"column":28}},"7":{"start":{"line":27,"column":6},"end":{"line":27,"column":48}},"8":{"start":{"line":28,"column":6},"end":{"line":42,"column":7}},"9":{"start":{"line":29,"column":8},"end":{"line":29,"column":22}},"10":{"start":{"line":30,"column":8},"end":{"line":30,"column":29}},"11":{"start":{"line":32,"column":8},"end":{"line":32,"column":49}},"12":{"start":{"line":33,"column":8},"end":{"line":41,"column":9}},"13":{"start":{"line":34,"column":10},"end":{"line":34,"column":24}},"14":{"start":{"line":35,"column":10},"end":{"line":35,"column":30}},"15":{"start":{"line":37,"column":10},"end":{"line":40,"column":13}},"16":{"start":{"line":44,"column":4},"end":{"line":44,"column":34}},"17":{"start":{"line":46,"column":4},"end":{"line":50,"column":7}},"18":{"start":{"line":52,"column":4},"end":{"line":52,"column":16}},"19":{"start":{"line":56,"column":30},"end":{"line":96,"column":1}},"20":{"start":{"line":57,"column":2},"end":{"line":95,"column":3}},"21":{"start":{"line":58,"column":15},"end":{"line":58,"column":56}},"22":{"start":{"line":63,"column":14},"end":{"line":63,"column":45}},"23":{"start":{"line":65,"column":4},"end":{"line":85,"column":5}},"24":{"start":{"line":66,"column":6},"end":{"line":66,"column":20}},"25":{"start":{"line":67,"column":6},"end":{"line":67,"column":28}},"26":{"start":{"line":69,"column":6},"end":{"line":69,"column":43}},"27":{"start":{"line":70,"column":6},"end":{"line":84,"column":7}},"28":{"start":{"line":71,"column":8},"end":{"line":71,"column":22}},"29":{"start":{"line":72,"column":8},"end":{"line":72,"column":29}},"30":{"start":{"line":74,"column":8},"end":{"line":74,"column":44}},"31":{"start":{"line":75,"column":8},"end":{"line":83,"column":9}},"32":{"start":{"line":76,"column":10},"end":{"line":76,"column":24}},"33":{"start":{"line":77,"column":10},"end":{"line":77,"column":30}},"34":{"start":{"line":79,"column":10},"end":{"line":82,"column":13}},"35":{"start":{"line":87,"column":4},"end":{"line":87,"column":31}},"36":{"start":{"line":89,"column":4},"end":{"line":92,"column":7}},"37":{"start":{"line":94,"column":4},"end":{"line":94,"column":16}},"38":{"start":{"line":98,"column":29},"end":{"line":189,"column":1}},"39":{"start":{"line":100,"column":2},"end":{"line":121,"column":3}},"40":{"start":{"line":101,"column":23},"end":{"line":107,"column":5}},"41":{"start":{"line":108,"column":17},"end":{"line":108,"column":49}},"42":{"start":{"line":109,"column":4},"end":{"line":114,"column":5}},"43":{"start":{"line":110,"column":6},"end":{"line":113,"column":9}},"44":{"start":{"line":115,"column":4},"end":{"line":118,"column":7}},"45":{"start":{"line":120,"column":4},"end":{"line":120,"column":16}},"46":{"start":{"line":191,"column":35},"end":{"line":223,"column":1}},"47":{"start":{"line":194,"column":2},"end":{"line":222,"column":3}},"48":{"start":{"line":195,"column":19},"end":{"line":195,"column":64}},"49":{"start":{"line":196,"column":31},"end":{"line":196,"column":39}},"50":{"start":{"line":197,"column":4},"end":{"line":197,"column":32}},"51":{"start":{"line":199,"column":19},"end":{"line":199,"column":56}},"52":{"start":{"line":200,"column":20},"end":{"line":200,"column":33}},"53":{"start":{"line":202,"column":4},"end":{"line":202,"column":24}},"54":{"start":{"line":203,"column":4},"end":{"line":203,"column":32}},"55":{"start":{"line":205,"column":4},"end":{"line":219,"column":5}},"56":{"start":{"line":206,"column":6},"end":{"line":209,"column":9}},"57":{"start":{"line":211,"column":6},"end":{"line":214,"column":8}},"58":{"start":{"line":215,"column":6},"end":{"line":218,"column":9}},"59":{"start":{"line":221,"column":4},"end":{"line":221,"column":16}},"60":{"start":{"line":225,"column":28},"end":{"line":269,"column":1}},"61":{"start":{"line":226,"column":2},"end":{"line":268,"column":3}},"62":{"start":{"line":227,"column":15},"end":{"line":227,"column":60}},"63":{"start":{"line":228,"column":18},"end":{"line":228,"column":33}},"64":{"start":{"line":234,"column":14},"end":{"line":234,"column":55}},"65":{"start":{"line":236,"column":4},"end":{"line":259,"column":5}},"66":{"start":{"line":237,"column":6},"end":{"line":237,"column":17}},"67":{"start":{"line":238,"column":6},"end":{"line":238,"column":28}},"68":{"start":{"line":239,"column":6},"end":{"line":239,"column":22}},"69":{"start":{"line":241,"column":6},"end":{"line":241,"column":53}},"70":{"start":{"line":242,"column":6},"end":{"line":258,"column":7}},"71":{"start":{"line":243,"column":8},"end":{"line":243,"column":19}},"72":{"start":{"line":244,"column":8},"end":{"line":244,"column":29}},"73":{"start":{"line":245,"column":8},"end":{"line":245,"column":23}},"74":{"start":{"line":247,"column":8},"end":{"line":247,"column":54}},"75":{"start":{"line":248,"column":8},"end":{"line":257,"column":9}},"76":{"start":{"line":249,"column":10},"end":{"line":249,"column":21}},"77":{"start":{"line":250,"column":10},"end":{"line":250,"column":30}},"78":{"start":{"line":251,"column":10},"end":{"line":251,"column":24}},"79":{"start":{"line":253,"column":10},"end":{"line":256,"column":13}},"80":{"start":{"line":261,"column":4},"end":{"line":261,"column":65}},"81":{"start":{"line":262,"column":4},"end":{"line":265,"column":7}},"82":{"start":{"line":267,"column":4},"end":{"line":267,"column":16}},"83":{"start":{"line":271,"column":34},"end":{"line":299,"column":1}},"84":{"start":{"line":272,"column":2},"end":{"line":298,"column":3}},"85":{"start":{"line":273,"column":25},"end":{"line":280,"column":6}},"86":{"start":{"line":282,"column":26},"end":{"line":289,"column":6}},"87":{"start":{"line":291,"column":4},"end":{"line":295,"column":7}},"88":{"start":{"line":297,"column":4},"end":{"line":297,"column":16}},"89":{"start":{"line":301,"column":26},"end":{"line":389,"column":1}},"90":{"start":{"line":302,"column":2},"end":{"line":322,"column":3}},"91":{"start":{"line":303,"column":15},"end":{"line":303,"column":56}},"92":{"start":{"line":304,"column":22},"end":{"line":304,"column":41}},"93":{"start":{"line":306,"column":4},"end":{"line":318,"column":5}},"94":{"start":{"line":307,"column":6},"end":{"line":311,"column":8}},"95":{"start":{"line":313,"column":6},"end":{"line":317,"column":8}},"96":{"start":{"line":319,"column":4},"end":{"line":319,"column":33}},"97":{"start":{"line":321,"column":4},"end":{"line":321,"column":16}}},"fnMap":{"0":{"name":"(anonymous_0)","decl":{"start":{"line":15,"column":28},"end":{"line":15,"column":29}},"loc":{"start":{"line":15,"column":54},"end":{"line":54,"column":1}},"line":15},"1":{"name":"(anonymous_1)","decl":{"start":{"line":56,"column":30},"end":{"line":56,"column":31}},"loc":{"start":{"line":56,"column":56},"end":{"line":96,"column":1}},"line":56},"2":{"name":"(anonymous_2)","decl":{"start":{"line":98,"column":29},"end":{"line":98,"column":30}},"loc":{"start":{"line":98,"column":55},"end":{"line":189,"column":1}},"line":98},"3":{"name":"(anonymous_3)","decl":{"start":{"line":191,"column":35},"end":{"line":191,"column":36}},"loc":{"start":{"line":191,"column":61},"end":{"line":223,"column":1}},"line":191},"4":{"name":"(anonymous_4)","decl":{"start":{"line":225,"column":28},"end":{"line":225,"column":29}},"loc":{"start":{"line":225,"column":54},"end":{"line":269,"column":1}},"line":225},"5":{"name":"(anonymous_5)","decl":{"start":{"line":271,"column":34},"end":{"line":271,"column":35}},"loc":{"start":{"line":271,"column":60},"end":{"line":299,"column":1}},"line":271},"6":{"name":"(anonymous_6)","decl":{"start":{"line":301,"column":26},"end":{"line":301,"column":27}},"loc":{"start":{"line":301,"column":52},"end":{"line":389,"column":1}},"line":301}},"branchMap":{"0":{"loc":{"start":{"line":23,"column":4},"end":{"line":43,"column":5}},"type":"if","locations":[{"start":{"line":23,"column":4},"end":{"line":43,"column":5}},{"start":{"line":26,"column":11},"end":{"line":43,"column":5}}],"line":23},"1":{"loc":{"start":{"line":28,"column":6},"end":{"line":42,"column":7}},"type":"if","locations":[{"start":{"line":28,"column":6},"end":{"line":42,"column":7}},{"start":{"line":31,"column":13},"end":{"line":42,"column":7}}],"line":28},"2":{"loc":{"start":{"line":33,"column":8},"end":{"line":41,"column":9}},"type":"if","locations":[{"start":{"line":33,"column":8},"end":{"line":41,"column":9}},{"start":{"line":36,"column":15},"end":{"line":41,"column":9}}],"line":33},"3":{"loc":{"start":{"line":65,"column":4},"end":{"line":85,"column":5}},"type":"if","locations":[{"start":{"line":65,"column":4},"end":{"line":85,"column":5}},{"start":{"line":68,"column":11},"end":{"line":85,"column":5}}],"line":65},"4":{"loc":{"start":{"line":70,"column":6},"end":{"line":84,"column":7}},"type":"if","locations":[{"start":{"line":70,"column":6},"end":{"line":84,"column":7}},{"start":{"line":73,"column":13},"end":{"line":84,"column":7}}],"line":70},"5":{"loc":{"start":{"line":75,"column":8},"end":{"line":83,"column":9}},"type":"if","locations":[{"start":{"line":75,"column":8},"end":{"line":83,"column":9}},{"start":{"line":78,"column":15},"end":{"line":83,"column":9}}],"line":75},"6":{"loc":{"start":{"line":109,"column":4},"end":{"line":114,"column":5}},"type":"if","locations":[{"start":{"line":109,"column":4},"end":{"line":114,"column":5}},{"start":{},"end":{}}],"line":109},"7":{"loc":{"start":{"line":205,"column":4},"end":{"line":219,"column":5}},"type":"if","locations":[{"start":{"line":205,"column":4},"end":{"line":219,"column":5}},{"start":{"line":210,"column":11},"end":{"line":219,"column":5}}],"line":205},"8":{"loc":{"start":{"line":236,"column":4},"end":{"line":259,"column":5}},"type":"if","locations":[{"start":{"line":236,"column":4},"end":{"line":259,"column":5}},{"start":{"line":240,"column":11},"end":{"line":259,"column":5}}],"line":236},"9":{"loc":{"start":{"line":242,"column":6},"end":{"line":258,"column":7}},"type":"if","locations":[{"start":{"line":242,"column":6},"end":{"line":258,"column":7}},{"start":{"line":246,"column":13},"end":{"line":258,"column":7}}],"line":242},"10":{"loc":{"start":{"line":248,"column":8},"end":{"line":257,"column":9}},"type":"if","locations":[{"start":{"line":248,"column":8},"end":{"line":257,"column":9}},{"start":{"line":252,"column":15},"end":{"line":257,"column":9}}],"line":248},"11":{"loc":{"start":{"line":306,"column":4},"end":{"line":318,"column":5}},"type":"if","locations":[{"start":{"line":306,"column":4},"end":{"line":318,"column":5}},{"start":{"line":312,"column":11},"end":{"line":318,"column":5}}],"line":306}},"s":{"0":4,"1":3,"2":3,"3":3,"4":3,"5":1,"6":1,"7":2,"8":2,"9":1,"10":1,"11":1,"12":1,"13":1,"14":1,"15":0,"16":3,"17":3,"18":0,"19":4,"20":3,"21":3,"22":3,"23":3,"24":1,"25":1,"26":2,"27":2,"28":1,"29":1,"30":1,"31":1,"32":1,"33":1,"34":0,"35":3,"36":3,"37":0,"38":4,"39":0,"40":0,"41":0,"42":0,"43":0,"44":0,"45":0,"46":4,"47":0,"48":0,"49":0,"50":0,"51":0,"52":0,"53":0,"54":0,"55":0,"56":0,"57":0,"58":0,"59":0,"60":4,"61":0,"62":0,"63":0,"64":0,"65":0,"66":0,"67":0,"68":0,"69":0,"70":0,"71":0,"72":0,"73":0,"74":0,"75":0,"76":0,"77":0,"78":0,"79":0,"80":0,"81":0,"82":0,"83":4,"84":1,"85":1,"86":1,"87":1,"88":0,"89":4,"90":0,"91":0,"92":0,"93":0,"94":0,"95":0,"96":0,"97":0},"f":{"0":3,"1":3,"2":0,"3":0,"4":0,"5":1,"6":0},"b":{"0":[1,2],"1":[1,1],"2":[1,0],"3":[1,2],"4":[1,1],"5":[1,0],"6":[0,0],"7":[0,0],"8":[0,0],"9":[0,0],"10":[0,0],"11":[0,0]},"_coverageSchema":"1a1c01bbd47fc00a2c39e90264f33305004495a9","hash":"5cb957bc9cea0117c3dbbde3d7f178b9a29f2736"}
,"C:\\Users\\SARTHAK MAINI\\OneDrive\\Desktop\\Student-Alumni-Mentorship-Portal\\server\\models\\conversationModel.js": {"path":"C:\\Users\\SARTHAK MAINI\\OneDrive\\Desktop\\Student-Alumni-Mentorship-Portal\\server\\models\\conversationModel.js","statementMap":{"0":{"start":{"line":3,"column":27},"end":{"line":22,"column":1}},"1":{"start":{"line":24,"column":28},"end":{"line":24,"column":78}}},"fnMap":{},"branchMap":{},"s":{"0":4,"1":4},"f":{},"b":{},"_coverageSchema":"1a1c01bbd47fc00a2c39e90264f33305004495a9","hash":"b854f70d0eeb619e59c3764cb5f271b8731cad2a"}
,"C:\\Users\\SARTHAK MAINI\\OneDrive\\Desktop\\Student-Alumni-Mentorship-Portal\\server\\models\\eventModel.js": {"path":"C:\\Users\\SARTHAK MAINI\\OneDrive\\Desktop\\Student-Alumni-Mentorship-Portal\\server\\models\\eventModel.js","statementMap":{"0":{"start":{"line":3,"column":20},"end":{"line":40,"column":2}},"1":{"start":{"line":42,"column":27},"end":{"line":68,"column":2}},"2":{"start":{"line":70,"column":14},"end":{"line":70,"column":56}},"3":{"start":{"line":71,"column":21},"end":{"line":71,"column":71}}},"fnMap":{},"branchMap":{},"s":{"0":4,"1":4,"2":4,"3":4},"f":{},"b":{},"_coverageSchema":"1a1c01bbd47fc00a2c39e90264f33305004495a9","hash":"ebaab60cc908ae0930cfe5d5dbdcc489d647b304"}
,"C:\\Users\\SARTHAK MAINI\\OneDrive\\Desktop\\Student-Alumni-Mentorship-Portal\\server\\models\\messageModel.js": {"path":"C:\\Users\\SARTHAK MAINI\\OneDrive\\Desktop\\Student-Alumni-Mentorship-Portal\\server\\models\\messageModel.js","statementMap":{"0":{"start":{"line":3,"column":22},"end":{"line":16,"column":1}},"1":{"start":{"line":18,"column":23},"end":{"line":18,"column":63}}},"fnMap":{},"branchMap":{},"s":{"0":4,"1":4},"f":{},"b":{},"_coverageSchema":"1a1c01bbd47fc00a2c39e90264f33305004495a9","hash":"a9937684e21a4749612dea5c69d72a9f7145889f"}
,"C:\\Users\\SARTHAK MAINI\\OneDrive\\Desktop\\Student-Alumni-Mentorship-Portal\\server\\models\\notificationModel.js": {"path":"C:\\Users\\SARTHAK MAINI\\OneDrive\\Desktop\\Student-Alumni-Mentorship-Portal\\server\\models\\notificationModel.js","statementMap":{"0":{"start":{"line":3,"column":27},"end":{"line":22,"column":1}},"1":{"start":{"line":24,"column":28},"end":{"line":24,"column":78}}},"fnMap":{},"branchMap":{},"s":{"0":4,"1":4},"f":{},"b":{},"_coverageSchema":"1a1c01bbd47fc00a2c39e90264f33305004495a9","hash":"f6a73feaf76732082ec573467030e8c7ee3d7bd2"}
,"C:\\Users\\SARTHAK MAINI\\OneDrive\\Desktop\\Student-Alumni-Mentorship-Portal\\server\\models\\reportsModel.js": {"path":"C:\\Users\\SARTHAK MAINI\\OneDrive\\Desktop\\Student-Alumni-Mentorship-Portal\\server\\models\\reportsModel.js","statementMap":{"0":{"start":{"line":3,"column":22},"end":{"line":29,"column":1}},"1":{"start":{"line":31,"column":23},"end":{"line":31,"column":63}}},"fnMap":{},"branchMap":{},"s":{"0":4,"1":4},"f":{},"b":{},"_coverageSchema":"1a1c01bbd47fc00a2c39e90264f33305004495a9","hash":"a03346b449b750f366de82ce5a7397714243d3fe"}
,"C:\\Users\\SARTHAK MAINI\\OneDrive\\Desktop\\Student-Alumni-Mentorship-Portal\\server\\models\\userModel.js": {"path":"C:\\Users\\SARTHAK MAINI\\OneDrive\\Desktop\\Student-Alumni-Mentorship-Portal\\server\\models\\userModel.js","statementMap":{"0":{"start":{"line":3,"column":22},"end":{"line":34,"column":2}},"1":{"start":{"line":36,"column":23},"end":{"line":36,"column":63}},"2":{"start":{"line":38,"column":21},"end":{"line":77,"column":2}},"3":{"start":{"line":79,"column":22},"end":{"line":79,"column":60}},"4":{"start":{"line":81,"column":20},"end":{"line":95,"column":2}},"5":{"start":{"line":97,"column":21},"end":{"line":97,"column":57}},"6":{"start":{"line":99,"column":28},"end":{"line":126,"column":2}},"7":{"start":{"line":127,"column":29},"end":{"line":130,"column":1}},"8":{"start":{"line":132,"column":29},"end":{"line":167,"column":2}},"9":{"start":{"line":168,"column":30},"end":{"line":171,"column":1}}},"fnMap":{},"branchMap":{},"s":{"0":4,"1":4,"2":4,"3":4,"4":4,"5":4,"6":4,"7":4,"8":4,"9":4},"f":{},"b":{},"_coverageSchema":"1a1c01bbd47fc00a2c39e90264f33305004495a9","hash":"c26dd8a866b29d7edad8983e3cb57c11726c37d2"}
,"C:\\Users\\SARTHAK MAINI\\OneDrive\\Desktop\\Student-Alumni-Mentorship-Portal\\server\\routes\\conversationRoutes.js": {"path":"C:\\Users\\SARTHAK MAINI\\OneDrive\\Desktop\\Student-Alumni-Mentorship-Portal\\server\\routes\\conversationRoutes.js","statementMap":{"0":{"start":{"line":11,"column":27},"end":{"line":11,"column":42}},"1":{"start":{"line":13,"column":0},"end":{"line":13,"column":61}},"2":{"start":{"line":15,"column":0},"end":{"line":15,"column":62}},"3":{"start":{"line":17,"column":0},"end":{"line":17,"column":68}},"4":{"start":{"line":21,"column":0},"end":{"line":21,"column":66}}},"fnMap":{},"branchMap":{},"s":{"0":4,"1":4,"2":4,"3":4,"4":4},"f":{},"b":{},"_coverageSchema":"1a1c01bbd47fc00a2c39e90264f33305004495a9","hash":"c507de5d552b733afaed0461519abdcb24c1ca1a"}
,"C:\\Users\\SARTHAK MAINI\\OneDrive\\Desktop\\Student-Alumni-Mentorship-Portal\\server\\routes\\eventRouter.js": {"path":"C:\\Users\\SARTHAK MAINI\\OneDrive\\Desktop\\Student-Alumni-Mentorship-Portal\\server\\routes\\eventRouter.js","statementMap":{"0":{"start":{"line":6,"column":20},"end":{"line":6,"column":36}},"1":{"start":{"line":10,"column":0},"end":{"line":10,"column":46}},"2":{"start":{"line":11,"column":0},"end":{"line":11,"column":59}},"3":{"start":{"line":12,"column":0},"end":{"line":12,"column":45}},"4":{"start":{"line":13,"column":0},"end":{"line":13,"column":48}},"5":{"start":{"line":14,"column":0},"end":{"line":14,"column":44}},"6":{"start":{"line":15,"column":0},"end":{"line":15,"column":44}}},"fnMap":{},"branchMap":{},"s":{"0":4,"1":4,"2":4,"3":4,"4":4,"5":4,"6":4},"f":{},"b":{},"_coverageSchema":"1a1c01bbd47fc00a2c39e90264f33305004495a9","hash":"f2c652f92434f2e26521ed70af10392638f76ba3"}
,"C:\\Users\\SARTHAK MAINI\\OneDrive\\Desktop\\Student-Alumni-Mentorship-Portal\\server\\routes\\filterRouter.js": {"path":"C:\\Users\\SARTHAK MAINI\\OneDrive\\Desktop\\Student-Alumni-Mentorship-Portal\\server\\routes\\filterRouter.js","statementMap":{"0":{"start":{"line":4,"column":21},"end":{"line":4,"column":37}},"1":{"start":{"line":8,"column":0},"end":{"line":8,"column":36}},"2":{"start":{"line":9,"column":0},"end":{"line":9,"column":36}},"3":{"start":{"line":10,"column":0},"end":{"line":10,"column":42}},"4":{"start":{"line":11,"column":0},"end":{"line":11,"column":58}}},"fnMap":{},"branchMap":{},"s":{"0":4,"1":4,"2":4,"3":4,"4":4},"f":{},"b":{},"_coverageSchema":"1a1c01bbd47fc00a2c39e90264f33305004495a9","hash":"e3909a2b4052f1836f4bb4b7ce63ead3e1f9e13e"}
,"C:\\Users\\SARTHAK MAINI\\OneDrive\\Desktop\\Student-Alumni-Mentorship-Portal\\server\\routes\\filterStudentRoutes.js": {"path":"C:\\Users\\SARTHAK MAINI\\OneDrive\\Desktop\\Student-Alumni-Mentorship-Portal\\server\\routes\\filterStudentRoutes.js","statementMap":{"0":{"start":{"line":9,"column":30},"end":{"line":9,"column":46}},"1":{"start":{"line":11,"column":2},"end":{"line":11,"column":60}},"2":{"start":{"line":12,"column":2},"end":{"line":12,"column":60}},"3":{"start":{"line":13,"column":2},"end":{"line":13,"column":60}},"4":{"start":{"line":14,"column":2},"end":{"line":14,"column":69}}},"fnMap":{},"branchMap":{},"s":{"0":4,"1":4,"2":4,"3":4,"4":4},"f":{},"b":{},"_coverageSchema":"1a1c01bbd47fc00a2c39e90264f33305004495a9","hash":"1832624ebe968696295de9f3efbcaf98d9834d11"}
,"C:\\Users\\SARTHAK MAINI\\OneDrive\\Desktop\\Student-Alumni-Mentorship-Portal\\server\\routes\\messageRoutes.js": {"path":"C:\\Users\\SARTHAK MAINI\\OneDrive\\Desktop\\Student-Alumni-Mentorship-Portal\\server\\routes\\messageRoutes.js","statementMap":{"0":{"start":{"line":7,"column":22},"end":{"line":7,"column":37}},"1":{"start":{"line":9,"column":0},"end":{"line":9,"column":46}},"2":{"start":{"line":11,"column":0},"end":{"line":11,"column":47}}},"fnMap":{},"branchMap":{},"s":{"0":4,"1":4,"2":4},"f":{},"b":{},"_coverageSchema":"1a1c01bbd47fc00a2c39e90264f33305004495a9","hash":"e7d6c35f079b594026e667fde5493531866ff805"}
,"C:\\Users\\SARTHAK MAINI\\OneDrive\\Desktop\\Student-Alumni-Mentorship-Portal\\server\\routes\\notificationsRoutes.js": {"path":"C:\\Users\\SARTHAK MAINI\\OneDrive\\Desktop\\Student-Alumni-Mentorship-Portal\\server\\routes\\notificationsRoutes.js","statementMap":{"0":{"start":{"line":12,"column":27},"end":{"line":12,"column":42}},"1":{"start":{"line":14,"column":0},"end":{"line":14,"column":61}},"2":{"start":{"line":16,"column":0},"end":{"line":16,"column":62}},"3":{"start":{"line":18,"column":0},"end":{"line":18,"column":66}},"4":{"start":{"line":20,"column":0},"end":{"line":20,"column":69}}},"fnMap":{},"branchMap":{},"s":{"0":4,"1":4,"2":4,"3":4,"4":4},"f":{},"b":{},"_coverageSchema":"1a1c01bbd47fc00a2c39e90264f33305004495a9","hash":"146f4f3e5a864cba727d7f73ca3c6368919598f6"}
,"C:\\Users\\SARTHAK MAINI\\OneDrive\\Desktop\\Student-Alumni-Mentorship-Portal\\server\\routes\\reportsRoutes.js": {"path":"C:\\Users\\SARTHAK MAINI\\OneDrive\\Desktop\\Student-Alumni-Mentorship-Portal\\server\\routes\\reportsRoutes.js","statementMap":{"0":{"start":{"line":13,"column":21},"end":{"line":13,"column":36}},"1":{"start":{"line":17,"column":0},"end":{"line":17,"column":44}},"2":{"start":{"line":19,"column":0},"end":{"line":19,"column":68}},"3":{"start":{"line":21,"column":0},"end":{"line":21,"column":64}}},"fnMap":{},"branchMap":{},"s":{"0":4,"1":4,"2":4,"3":4},"f":{},"b":{},"_coverageSchema":"1a1c01bbd47fc00a2c39e90264f33305004495a9","hash":"b156c296d53f0824b71a633464ad9b03a009bda1"}
,"C:\\Users\\SARTHAK MAINI\\OneDrive\\Desktop\\Student-Alumni-Mentorship-Portal\\server\\routes\\userRoutes.js": {"path":"C:\\Users\\SARTHAK MAINI\\OneDrive\\Desktop\\Student-Alumni-Mentorship-Portal\\server\\routes\\userRoutes.js","statementMap":{"0":{"start":{"line":19,"column":19},"end":{"line":19,"column":35}},"1":{"start":{"line":31,"column":0},"end":{"line":31,"column":43}},"2":{"start":{"line":33,"column":0},"end":{"line":33,"column":50}},"3":{"start":{"line":35,"column":0},"end":{"line":35,"column":60}},"4":{"start":{"line":37,"column":0},"end":{"line":37,"column":47}},"5":{"start":{"line":39,"column":0},"end":{"line":39,"column":58}},"6":{"start":{"line":41,"column":0},"end":{"line":41,"column":42}},"7":{"start":{"line":43,"column":0},"end":{"line":43,"column":49}}},"fnMap":{},"branchMap":{},"s":{"0":4,"1":4,"2":4,"3":4,"4":4,"5":4,"6":4,"7":4},"f":{},"b":{},"_coverageSchema":"1a1c01bbd47fc00a2c39e90264f33305004495a9","hash":"fdc8caaeb156790252709ebde0da8564a9af69cd"}
}
