TN:
SF:app.js
FN:22,(anonymous_0)
FN:41,(anonymous_1)
FN:45,(anonymous_2)
FNF:3
FNH:1
FNDA:3,(anonymous_0)
FNDA:0,(anonymous_1)
FNDA:0,(anonymous_2)
DA:11,1
DA:14,1
DA:19,1
DA:20,1
DA:22,1
DA:23,3
DA:24,3
DA:25,3
DA:26,3
DA:27,3
DA:28,3
DA:31,1
DA:32,1
DA:33,1
DA:36,1
DA:39,1
DA:41,1
DA:42,0
DA:45,1
DA:46,0
LF:20
LH:18
BRF:0
BRH:0
end_of_record
TN:
SF:controllers\conversationController.js
FN:3,(anonymous_0)
FN:16,(anonymous_1)
FN:27,(anonymous_2)
FNF:3
FNH:0
FNDA:0,(anonymous_0)
FNDA:0,(anonymous_1)
FNDA:0,(anonymous_2)
DA:3,1
DA:4,0
DA:8,0
DA:9,0
DA:10,0
DA:12,0
DA:16,1
DA:17,0
DA:18,0
DA:21,0
DA:23,0
DA:27,1
DA:28,0
DA:29,0
DA:32,0
DA:33,0
DA:38,0
DA:44,0
LF:18
LH:3
BRDA:32,0,0,0
BRDA:32,0,1,0
BRF:2
BRH:0
end_of_record
TN:
SF:controllers\filterController.js
FN:5,(anonymous_0)
FN:24,(anonymous_1)
FN:39,(anonymous_2)
FNF:3
FNH:3
FNDA:1,(anonymous_0)
FNDA:1,(anonymous_1)
FNDA:1,(anonymous_2)
DA:5,1
DA:6,1
DA:8,1
DA:9,1
DA:10,1
DA:11,1
DA:12,1
DA:14,1
DA:15,1
DA:16,1
DA:17,1
DA:20,0
DA:24,1
DA:25,1
DA:27,1
DA:28,1
DA:30,1
DA:31,1
DA:32,1
DA:35,0
DA:39,1
DA:41,1
DA:42,1
DA:44,1
DA:45,1
DA:46,1
DA:48,1
DA:49,0
DA:51,1
DA:52,0
DA:55,1
DA:56,1
DA:58,1
DA:59,0
DA:63,1
DA:64,0
DA:66,1
DA:67,1
DA:69,1
DA:70,1
DA:72,0
LF:41
LH:34
BRDA:48,0,0,0
BRDA:48,0,1,1
BRDA:51,1,0,0
BRDA:51,1,1,1
BRDA:55,2,0,1
BRDA:55,2,1,0
BRDA:58,3,0,0
BRDA:58,3,1,1
BRDA:63,4,0,0
BRDA:63,4,1,1
BRF:10
BRH:5
end_of_record
TN:
SF:controllers\messageController.js
FN:4,(anonymous_0)
FN:15,(anonymous_1)
FNF:2
FNH:0
FNDA:0,(anonymous_0)
FNDA:0,(anonymous_1)
DA:4,1
DA:5,0
DA:7,0
DA:8,0
DA:9,0
DA:11,0
DA:15,1
DA:16,0
DA:17,0
DA:18,0
DA:21,0
DA:23,0
LF:12
LH:2
BRF:0
BRH:0
end_of_record
TN:
SF:controllers\userController.js
FN:116,(anonymous_0)
FN:212,(anonymous_1)
FNF:2
FNH:0
FNDA:0,(anonymous_0)
FNDA:0,(anonymous_1)
DA:116,1
DA:117,0
DA:118,0
DA:122,0
DA:124,0
DA:125,0
DA:126,0
DA:128,0
DA:129,0
DA:130,0
DA:131,0
DA:133,0
DA:134,0
DA:135,0
DA:136,0
DA:138,0
DA:146,0
DA:148,0
DA:150,0
DA:152,0
DA:153,0
DA:155,0
DA:201,0
DA:212,1
DA:213,0
DA:214,0
DA:219,0
DA:221,0
DA:222,0
DA:223,0
DA:225,0
DA:226,0
DA:227,0
DA:228,0
DA:230,0
DA:231,0
DA:232,0
DA:233,0
DA:235,0
DA:243,0
DA:245,0
DA:250,0
LF:42
LH:2
BRDA:124,0,0,0
BRDA:124,0,1,0
BRDA:129,1,0,0
BRDA:129,1,1,0
BRDA:134,2,0,0
BRDA:134,2,1,0
BRDA:221,3,0,0
BRDA:221,3,1,0
BRDA:226,4,0,0
BRDA:226,4,1,0
BRDA:231,5,0,0
BRDA:231,5,1,0
BRF:12
BRH:0
end_of_record
TN:
SF:middlewares\error.js
FN:2,(anonymous_0)
FN:7,(anonymous_1)
FNF:2
FNH:0
FNDA:0,(anonymous_0)
FNDA:0,(anonymous_1)
DA:3,0
DA:4,0
DA:7,1
DA:8,0
DA:9,0
DA:10,0
LF:6
LH:1
BRDA:8,0,0,0
BRDA:8,0,1,0
BRDA:9,1,0,0
BRDA:9,1,1,0
BRF:4
BRH:0
end_of_record
TN:
SF:models\conversationModel.js
FNF:0
FNH:0
DA:3,1
DA:12,1
LF:2
LH:2
BRF:0
BRH:0
end_of_record
TN:
SF:models\messageModel.js
FNF:0
FNH:0
DA:3,1
DA:18,1
LF:2
LH:2
BRF:0
BRH:0
end_of_record
TN:
SF:models\userModel.js
FNF:0
FNH:0
DA:23,1
DA:25,1
DA:54,1
LF:3
LH:3
BRF:0
BRH:0
end_of_record
TN:
SF:routes\conversationRoutes.js
FNF:0
FNH:0
DA:9,1
DA:11,1
DA:13,1
DA:15,1
LF:4
LH:4
BRF:0
BRH:0
end_of_record
TN:
SF:routes\filterRouter.js
FNF:0
FNH:0
DA:4,1
DA:8,1
DA:9,1
DA:10,1
LF:4
LH:4
BRF:0
BRH:0
end_of_record
TN:
SF:routes\messageRoutes.js
FNF:0
FNH:0
DA:7,1
DA:9,1
DA:11,1
LF:3
LH:3
BRF:0
BRH:0
end_of_record
TN:
SF:routes\userRoutes.js
FNF:0
FNH:0
DA:14,1
DA:26,1
DA:28,1
LF:3
LH:3
BRF:0
BRH:0
end_of_record
TN:
SF:utils\features.js
FN:3,(anonymous_0)
FNF:1
FNH:0
FNDA:0,(anonymous_0)
DA:3,1
DA:4,0
DA:6,0
LF:3
LH:1
BRDA:3,0,0,0
BRF:1
BRH:0
end_of_record
