TN:
SF:app.js
FN:23,(anonymous_0)
FNF:1
FNH:1
FNDA:13,(anonymous_0)
DA:13,3
DA:16,3
DA:20,3
DA:21,3
DA:23,3
DA:24,13
DA:25,13
DA:26,13
DA:27,13
DA:28,13
DA:29,13
DA:32,3
DA:33,3
DA:34,3
DA:35,3
DA:36,3
DA:37,3
DA:40,3
DA:41,3
DA:42,3
DA:43,3
DA:44,3
DA:45,3
DA:46,3
DA:47,3
LF:25
LH:25
BRF:0
BRH:0
end_of_record
TN:
SF:controllers\conversationController.js
FN:4,(anonymous_0)
FN:17,(anonymous_1)
FN:30,(anonymous_2)
FN:49,(anonymous_3)
FNF:4
FNH:2
FNDA:1,(anonymous_0)
FNDA:1,(anonymous_1)
FNDA:0,(anonymous_2)
FNDA:0,(anonymous_3)
DA:4,3
DA:5,1
DA:9,1
DA:10,1
DA:11,1
DA:13,0
DA:17,3
DA:18,1
DA:19,1
DA:22,1
DA:24,0
DA:30,3
DA:31,0
DA:32,0
DA:40,0
DA:41,0
DA:43,0
DA:45,0
DA:49,3
DA:50,0
DA:51,0
DA:69,0
DA:70,0
DA:71,0
DA:74,0
DA:86,0
DA:88,0
DA:90,0
LF:28
LH:11
BRDA:40,0,0,0
BRDA:40,0,1,0
BRDA:69,1,0,0
BRDA:69,1,1,0
BRDA:69,2,0,0
BRDA:69,2,1,0
BRF:6
BRH:0
end_of_record
TN:
SF:controllers\eventController.js
FN:5,(anonymous_0)
FN:18,(anonymous_1)
FN:41,(anonymous_2)
FN:74,(anonymous_3)
FN:92,(anonymous_4)
FN:141,(anonymous_5)
FN:158,(anonymous_6)
FNF:7
FNH:0
FNDA:0,(anonymous_0)
FNDA:0,(anonymous_1)
FNDA:0,(anonymous_2)
FNDA:0,(anonymous_3)
FNDA:0,(anonymous_4)
FNDA:0,(anonymous_5)
FNDA:0,(anonymous_6)
DA:5,3
DA:6,0
DA:8,0
DA:11,0
DA:13,0
DA:14,0
DA:18,0
DA:20,0
DA:30,0
DA:31,0
DA:34,0
DA:36,0
DA:37,0
DA:41,3
DA:42,0
DA:44,0
DA:47,0
DA:49,0
DA:50,0
DA:53,0
DA:63,0
DA:64,0
DA:67,0
DA:69,0
DA:70,0
DA:74,3
DA:75,0
DA:76,0
DA:77,0
DA:80,0
DA:85,0
DA:87,0
DA:88,0
DA:92,3
DA:93,0
DA:94,0
DA:95,0
DA:96,0
DA:97,0
DA:98,0
DA:100,0
DA:101,0
DA:103,0
DA:104,0
DA:141,3
DA:142,0
DA:143,0
DA:145,0
DA:147,0
DA:148,0
DA:151,0
DA:153,0
DA:154,0
DA:158,3
DA:159,0
DA:160,0
DA:161,0
DA:162,0
DA:164,0
DA:170,0
DA:171,0
DA:173,0
DA:174,0
LF:63
LH:6
BRDA:13,0,0,0
BRDA:13,0,1,0
BRDA:49,1,0,0
BRDA:49,1,1,0
BRDA:97,2,0,0
BRDA:97,2,1,0
BRDA:147,3,0,0
BRDA:147,3,1,0
BRF:8
BRH:0
end_of_record
TN:
SF:controllers\filterController.js
FN:4,(anonymous_0)
FN:23,(anonymous_1)
FN:40,(anonymous_2)
FN:83,(anonymous_3)
FNF:4
FNH:3
FNDA:1,(anonymous_0)
FNDA:1,(anonymous_1)
FNDA:1,(anonymous_2)
FNDA:0,(anonymous_3)
DA:4,3
DA:5,1
DA:7,1
DA:8,1
DA:9,1
DA:10,1
DA:11,1
DA:13,1
DA:14,1
DA:15,1
DA:17,0
DA:23,3
DA:24,1
DA:26,1
DA:31,1
DA:32,1
DA:34,0
DA:40,3
DA:41,1
DA:48,1
DA:50,1
DA:52,1
DA:53,0
DA:55,1
DA:56,0
DA:59,1
DA:60,1
DA:62,1
DA:63,0
DA:66,1
DA:67,0
DA:70,1
DA:72,1
DA:74,1
DA:75,1
DA:77,0
DA:83,3
DA:84,0
DA:85,0
DA:88,0
DA:90,0
DA:91,0
DA:95,0
DA:97,0
DA:98,0
DA:100,0
LF:46
LH:30
BRDA:52,0,0,0
BRDA:52,0,1,1
BRDA:55,1,0,0
BRDA:55,1,1,1
BRDA:59,2,0,1
BRDA:59,2,1,0
BRDA:62,3,0,0
BRDA:62,3,1,1
BRDA:66,4,0,0
BRDA:66,4,1,1
BRDA:90,5,0,0
BRDA:90,5,1,0
BRF:12
BRH:5
end_of_record
TN:
SF:controllers\filterStudentController.js
FN:4,(anonymous_0)
FN:19,(anonymous_1)
FN:35,(anonymous_2)
FN:60,(anonymous_3)
FNF:4
FNH:0
FNDA:0,(anonymous_0)
FNDA:0,(anonymous_1)
FNDA:0,(anonymous_2)
FNDA:0,(anonymous_3)
DA:4,3
DA:5,0
DA:6,0
DA:7,0
DA:9,0
DA:10,0
DA:11,0
DA:13,0
DA:19,3
DA:20,0
DA:21,0
DA:26,0
DA:27,0
DA:29,0
DA:35,3
DA:36,0
DA:37,0
DA:38,0
DA:40,0
DA:41,0
DA:43,0
DA:44,0
DA:47,0
DA:49,0
DA:51,0
DA:52,0
DA:54,0
DA:60,3
DA:61,0
DA:62,0
DA:64,0
DA:66,0
DA:67,0
DA:70,0
DA:72,0
DA:73,0
DA:75,0
LF:37
LH:4
BRDA:40,0,0,0
BRDA:40,0,1,0
BRDA:43,1,0,0
BRDA:43,1,1,0
BRDA:66,2,0,0
BRDA:66,2,1,0
BRF:6
BRH:0
end_of_record
TN:
SF:controllers\messageController.js
FN:4,(anonymous_0)
FN:15,(anonymous_1)
FNF:2
FNH:2
FNDA:1,(anonymous_0)
FNDA:1,(anonymous_1)
DA:4,3
DA:5,1
DA:7,1
DA:8,1
DA:9,1
DA:11,0
DA:15,3
DA:16,1
DA:18,1
DA:21,1
DA:23,0
LF:11
LH:9
BRF:0
BRH:0
end_of_record
TN:
SF:controllers\notificationController.js
FN:4,(anonymous_0)
FN:15,(anonymous_1)
FN:26,(anonymous_2)
FN:38,(anonymous_3)
FNF:4
FNH:0
FNDA:0,(anonymous_0)
FNDA:0,(anonymous_1)
FNDA:0,(anonymous_2)
FNDA:0,(anonymous_3)
DA:4,3
DA:5,0
DA:7,0
DA:8,0
DA:9,0
DA:11,0
DA:15,3
DA:16,0
DA:17,0
DA:20,0
DA:22,0
DA:26,3
DA:27,0
DA:28,0
DA:32,0
DA:34,0
DA:38,3
DA:39,0
DA:41,0
DA:44,0
DA:47,0
DA:49,0
LF:22
LH:4
BRF:0
BRH:0
end_of_record
TN:
SF:controllers\reportsController.js
FN:4,(anonymous_0)
FN:14,(anonymous_1)
FN:24,(anonymous_2)
FNF:3
FNH:0
FNDA:0,(anonymous_0)
FNDA:0,(anonymous_1)
FNDA:0,(anonymous_2)
DA:4,3
DA:6,0
DA:7,0
DA:8,0
DA:10,0
DA:14,3
DA:16,0
DA:17,0
DA:18,0
DA:20,0
DA:24,3
DA:25,0
DA:26,0
DA:31,0
DA:33,0
LF:15
LH:3
BRF:0
BRH:0
end_of_record
TN:
SF:controllers\userController.js
FN:15,(anonymous_0)
FN:56,(anonymous_1)
FN:98,(anonymous_2)
FN:191,(anonymous_3)
FN:225,(anonymous_4)
FN:271,(anonymous_5)
FN:301,(anonymous_6)
FNF:7
FNH:2
FNDA:3,(anonymous_0)
FNDA:3,(anonymous_1)
FNDA:0,(anonymous_2)
FNDA:0,(anonymous_3)
FNDA:0,(anonymous_4)
FNDA:0,(anonymous_5)
FNDA:0,(anonymous_6)
DA:15,3
DA:16,3
DA:17,3
DA:21,3
DA:23,3
DA:24,1
DA:25,1
DA:27,2
DA:28,2
DA:29,1
DA:30,1
DA:32,1
DA:33,1
DA:34,1
DA:35,1
DA:37,0
DA:44,3
DA:46,3
DA:52,0
DA:56,3
DA:57,3
DA:58,3
DA:63,3
DA:65,3
DA:66,1
DA:67,1
DA:69,2
DA:70,2
DA:71,1
DA:72,1
DA:74,1
DA:75,1
DA:76,1
DA:77,1
DA:79,0
DA:87,3
DA:89,3
DA:94,0
DA:98,3
DA:100,0
DA:101,0
DA:108,0
DA:109,0
DA:110,0
DA:115,0
DA:120,0
DA:191,3
DA:194,0
DA:195,0
DA:196,0
DA:197,0
DA:199,0
DA:200,0
DA:202,0
DA:203,0
DA:205,0
DA:206,0
DA:211,0
DA:215,0
DA:221,0
DA:225,3
DA:226,0
DA:227,0
DA:228,0
DA:234,0
DA:236,0
DA:237,0
DA:238,0
DA:239,0
DA:241,0
DA:242,0
DA:243,0
DA:244,0
DA:245,0
DA:247,0
DA:248,0
DA:249,0
DA:250,0
DA:251,0
DA:253,0
DA:261,0
DA:262,0
DA:267,0
DA:271,3
DA:272,0
DA:273,0
DA:282,0
DA:291,0
DA:297,0
DA:301,3
DA:302,0
DA:303,0
DA:304,0
DA:306,0
DA:307,0
DA:313,0
DA:319,0
DA:321,0
LF:98
LH:39
BRDA:23,0,0,1
BRDA:23,0,1,2
BRDA:28,1,0,1
BRDA:28,1,1,1
BRDA:33,2,0,1
BRDA:33,2,1,0
BRDA:65,3,0,1
BRDA:65,3,1,2
BRDA:70,4,0,1
BRDA:70,4,1,1
BRDA:75,5,0,1
BRDA:75,5,1,0
BRDA:109,6,0,0
BRDA:109,6,1,0
BRDA:205,7,0,0
BRDA:205,7,1,0
BRDA:236,8,0,0
BRDA:236,8,1,0
BRDA:242,9,0,0
BRDA:242,9,1,0
BRDA:248,10,0,0
BRDA:248,10,1,0
BRDA:306,11,0,0
BRDA:306,11,1,0
BRF:24
BRH:10
end_of_record
TN:
SF:models\conversationModel.js
FNF:0
FNH:0
DA:3,3
DA:20,3
LF:2
LH:2
BRF:0
BRH:0
end_of_record
TN:
SF:models\eventModel.js
FNF:0
FNH:0
DA:3,3
DA:42,3
DA:70,3
DA:71,3
LF:4
LH:4
BRF:0
BRH:0
end_of_record
TN:
SF:models\messageModel.js
FNF:0
FNH:0
DA:3,3
DA:18,3
LF:2
LH:2
BRF:0
BRH:0
end_of_record
TN:
SF:models\notificationModel.js
FNF:0
FNH:0
DA:3,3
DA:24,3
LF:2
LH:2
BRF:0
BRH:0
end_of_record
TN:
SF:models\reportsModel.js
FNF:0
FNH:0
DA:3,3
DA:31,3
LF:2
LH:2
BRF:0
BRH:0
end_of_record
TN:
SF:models\userModel.js
FNF:0
FNH:0
DA:3,3
DA:36,3
DA:38,3
DA:79,3
DA:81,3
DA:97,3
DA:99,3
DA:127,3
DA:132,3
DA:168,3
LF:10
LH:10
BRF:0
BRH:0
end_of_record
TN:
SF:routes\conversationRoutes.js
FNF:0
FNH:0
DA:11,3
DA:13,3
DA:15,3
DA:17,3
DA:21,3
LF:5
LH:5
BRF:0
BRH:0
end_of_record
TN:
SF:routes\eventRouter.js
FNF:0
FNH:0
DA:6,3
DA:10,3
DA:11,3
DA:12,3
DA:13,3
DA:14,3
DA:15,3
LF:7
LH:7
BRF:0
BRH:0
end_of_record
TN:
SF:routes\filterRouter.js
FNF:0
FNH:0
DA:4,3
DA:8,3
DA:9,3
DA:10,3
DA:11,3
LF:5
LH:5
BRF:0
BRH:0
end_of_record
TN:
SF:routes\filterStudentRoutes.js
FNF:0
FNH:0
DA:9,3
DA:11,3
DA:12,3
DA:13,3
DA:14,3
LF:5
LH:5
BRF:0
BRH:0
end_of_record
TN:
SF:routes\messageRoutes.js
FNF:0
FNH:0
DA:7,3
DA:9,3
DA:11,3
LF:3
LH:3
BRF:0
BRH:0
end_of_record
TN:
SF:routes\notificationsRoutes.js
FNF:0
FNH:0
DA:12,3
DA:14,3
DA:16,3
DA:18,3
DA:20,3
LF:5
LH:5
BRF:0
BRH:0
end_of_record
TN:
SF:routes\reportsRoutes.js
FNF:0
FNH:0
DA:13,3
DA:17,3
DA:19,3
DA:21,3
LF:4
LH:4
BRF:0
BRH:0
end_of_record
TN:
SF:routes\userRoutes.js
FNF:0
FNH:0
DA:19,3
DA:31,3
DA:33,3
DA:35,3
DA:37,3
DA:39,3
DA:41,3
DA:43,3
LF:8
LH:8
BRF:0
BRH:0
end_of_record
